<?xml version="1.0" encoding="utf-8" standalone="yes"?>
<CoverageSession xmlns:xsd="http://www.w3.org/2001/XMLSchema" xmlns:xsi="http://www.w3.org/2001/XMLSchema-instance">
  <Summary numSequencePoints="354" visitedSequencePoints="293" numBranchPoints="329" visitedBranchPoints="151" sequenceCoverage="82.77" branchCoverage="45.9" maxCyclomaticComplexity="34" minCyclomaticComplexity="1" visitedClasses="66" numClasses="71" visitedMethods="107" numMethods="126" minCrapScore="1" maxCrapScore="72" />
  <Modules>
    <Module hash="58-D4-BF-2F-0C-86-BD-CC-4B-9F-6F-C4-06-03-B6-93-AC-A8-79-31">
      <Summary numSequencePoints="354" visitedSequencePoints="293" numBranchPoints="329" visitedBranchPoints="151" sequenceCoverage="82.77" branchCoverage="45.9" maxCyclomaticComplexity="34" minCyclomaticComplexity="1" visitedClasses="66" numClasses="71" visitedMethods="107" numMethods="126" minCrapScore="1" maxCrapScore="72" />
      <ModulePath>/Users/jb/workspaces/bender/nichelson/tests/Nichelson.Test/bin/Release/net5.0/Nichelson.dll</ModulePath>
      <ModuleTime>2021-02-09T18:03:28.2428648Z</ModuleTime>
      <ModuleName>Nichelson</ModuleName>
      <Files>
        <File uid="1" fullPath="/Users/jb/workspaces/bender/nichelson/src/Nichelson/Michelson.fs" />
        <File uid="2" fullPath="/Users/jb/workspaces/bender/nichelson/src/Nichelson/ContractParameters.fs" />
        <File uid="3" fullPath="/Users/jb/workspaces/bender/nichelson/src/Nichelson/ChainId.fs" />
        <File uid="4" fullPath="/Users/jb/workspaces/bender/nichelson/src/Nichelson/Signature.fs" />
        <File uid="5" fullPath="/Users/jb/workspaces/bender/nichelson/src/Nichelson/TezosAddress.fs" />
        <File uid="6" fullPath="/Users/jb/workspaces/bender/nichelson/src/Nichelson/JsonParser.fs" />
        <File uid="7" fullPath="/Users/jb/workspaces/bender/nichelson/src/Nichelson/MichelsonParser.fs" />
        <File uid="8" fullPath="/Users/jb/workspaces/bender/nichelson/src/Nichelson/Encoder.fs" />
      </Files>
      <Classes>
        <Class>
          <Summary numSequencePoints="1" visitedSequencePoints="1" numBranchPoints="1" visitedBranchPoints="0" sequenceCoverage="100" branchCoverage="0" maxCyclomaticComplexity="1" minCyclomaticComplexity="1" visitedClasses="1" numClasses="1" visitedMethods="1" numMethods="1" minCrapScore="1" maxCrapScore="1" />
          <FullName>Nichelson.PrimExpression</FullName>
          <Methods>
            <Method visited="true" cyclomaticComplexity="1" nPathComplexity="0" sequenceCoverage="100" branchCoverage="0" isConstructor="false" isStatic="true" isGetter="false" isSetter="false" crapScore="1">
              <Summary numSequencePoints="1" visitedSequencePoints="1" numBranchPoints="1" visitedBranchPoints="0" sequenceCoverage="100" branchCoverage="0" maxCyclomaticComplexity="1" minCyclomaticComplexity="1" visitedClasses="0" numClasses="0" visitedMethods="1" numMethods="1" minCrapScore="1" maxCrapScore="1" />
              <MetadataToken>100663345</MetadataToken>
              <Name>Nichelson.PrimExpression Nichelson.PrimExpression::Create(Nichelson.Prim,Microsoft.FSharp.Core.FSharpOption`1&lt;Nichelson.Expr&gt;,Microsoft.FSharp.Core.FSharpOption`1&lt;Microsoft.FSharp.Collections.FSharpList`1&lt;System.String&gt;&gt;)</Name>
              <FileRef uid="1" />
              <SequencePoints>
                <SequencePoint vc="61" uspid="0" ordinal="0" offset="0" sl="24" sc="9" el="26" ec="51" bec="0" bev="0" fileid="1" />
              </SequencePoints>
              <BranchPoints />
              <MethodPoint xsi:type="SequencePoint" vc="61" uspid="0" ordinal="0" offset="0" sl="24" sc="9" el="26" ec="51" bec="0" bev="0" fileid="1" />
            </Method>
          </Methods>
        </Class>
        <Class>
          <Summary numSequencePoints="14" visitedSequencePoints="13" numBranchPoints="10" visitedBranchPoints="2" sequenceCoverage="92.86" branchCoverage="20" maxCyclomaticComplexity="2" minCyclomaticComplexity="1" visitedClasses="1" numClasses="1" visitedMethods="8" numMethods="8" minCrapScore="1" maxCrapScore="2.15" />
          <FullName>Nichelson.Contract.ContractParameters</FullName>
          <Methods>
            <Method visited="true" cyclomaticComplexity="1" nPathComplexity="0" sequenceCoverage="100" branchCoverage="0" isConstructor="true" isStatic="false" isGetter="false" isSetter="false" crapScore="1">
              <Summary numSequencePoints="4" visitedSequencePoints="4" numBranchPoints="1" visitedBranchPoints="0" sequenceCoverage="100" branchCoverage="0" maxCyclomaticComplexity="1" minCyclomaticComplexity="1" visitedClasses="0" numClasses="0" visitedMethods="1" numMethods="1" minCrapScore="1" maxCrapScore="1" />
              <MetadataToken>100663574</MetadataToken>
              <Name>System.Void Nichelson.Contract.ContractParameters::.ctor(Nichelson.PrimExpression)</Name>
              <FileRef uid="2" />
              <SequencePoints>
                <SequencePoint vc="24" uspid="4" ordinal="0" offset="8" sl="87" sc="25" el="87" ec="39" bec="0" bev="0" fileid="2" />
                <SequencePoint vc="24" uspid="3" ordinal="1" offset="15" sl="89" sc="9" el="89" ec="20" bec="0" bev="0" fileid="2" />
                <SequencePoint vc="24" uspid="2" ordinal="2" offset="16" sl="126" sc="9" el="127" ec="23" bec="0" bev="0" fileid="2" />
                <SequencePoint vc="24" uspid="1" ordinal="3" offset="57" sl="87" sc="6" el="87" ec="24" bec="0" bev="0" fileid="2" />
              </SequencePoints>
              <BranchPoints />
              <MethodPoint xsi:type="SequencePoint" vc="24" uspid="4" ordinal="0" offset="8" sl="87" sc="25" el="87" ec="39" bec="0" bev="0" fileid="2" />
            </Method>
            <Method visited="true" cyclomaticComplexity="1" nPathComplexity="0" sequenceCoverage="100" branchCoverage="0" isConstructor="true" isStatic="false" isGetter="false" isSetter="false" crapScore="1">
              <Summary numSequencePoints="1" visitedSequencePoints="1" numBranchPoints="1" visitedBranchPoints="0" sequenceCoverage="100" branchCoverage="0" maxCyclomaticComplexity="1" minCyclomaticComplexity="1" visitedClasses="0" numClasses="0" visitedMethods="1" numMethods="1" minCrapScore="1" maxCrapScore="1" />
              <MetadataToken>100663575</MetadataToken>
              <Name>System.Void Nichelson.Contract.ContractParameters::.ctor(System.String)</Name>
              <FileRef uid="2" />
              <SequencePoints>
                <SequencePoint vc="22" uspid="5" ordinal="0" offset="0" sl="215" sc="22" el="215" ec="67" bec="0" bev="0" fileid="2" />
              </SequencePoints>
              <BranchPoints />
              <MethodPoint xsi:type="SequencePoint" vc="22" uspid="5" ordinal="0" offset="0" sl="215" sc="22" el="215" ec="67" bec="0" bev="0" fileid="2" />
            </Method>
            <Method visited="true" cyclomaticComplexity="1" nPathComplexity="0" sequenceCoverage="100" branchCoverage="0" isConstructor="false" isStatic="false" isGetter="false" isSetter="false" crapScore="1">
              <Summary numSequencePoints="1" visitedSequencePoints="1" numBranchPoints="1" visitedBranchPoints="0" sequenceCoverage="100" branchCoverage="0" maxCyclomaticComplexity="1" minCyclomaticComplexity="1" visitedClasses="0" numClasses="0" visitedMethods="1" numMethods="1" minCrapScore="1" maxCrapScore="1" />
              <MetadataToken>100663576</MetadataToken>
              <Name>Nichelson.Expr Nichelson.Contract.ContractParameters::Instantiate(Nichelson.Contract.Arg)</Name>
              <FileRef uid="2" />
              <SequencePoints>
                <SequencePoint vc="14" uspid="6" ordinal="0" offset="0" sl="217" sc="42" el="217" ec="73" bec="0" bev="0" fileid="2" />
              </SequencePoints>
              <BranchPoints />
              <MethodPoint xsi:type="SequencePoint" vc="14" uspid="6" ordinal="0" offset="0" sl="217" sc="42" el="217" ec="73" bec="0" bev="0" fileid="2" />
            </Method>
            <Method visited="true" cyclomaticComplexity="1" nPathComplexity="0" sequenceCoverage="100" branchCoverage="0" isConstructor="false" isStatic="false" isGetter="false" isSetter="false" crapScore="1">
              <Summary numSequencePoints="2" visitedSequencePoints="2" numBranchPoints="1" visitedBranchPoints="0" sequenceCoverage="100" branchCoverage="0" maxCyclomaticComplexity="1" minCyclomaticComplexity="1" visitedClasses="0" numClasses="0" visitedMethods="1" numMethods="1" minCrapScore="1" maxCrapScore="1" />
              <MetadataToken>100663577</MetadataToken>
              <Name>Nichelson.Expr Nichelson.Contract.ContractParameters::Instantiate(System.String,Nichelson.Contract.Arg)</Name>
              <FileRef uid="2" />
              <SequencePoints>
                <SequencePoint vc="4" uspid="8" ordinal="0" offset="0" sl="220" sc="9" el="220" ec="39" bec="0" bev="0" fileid="2" />
                <SequencePoint vc="4" uspid="7" ordinal="1" offset="8" sl="222" sc="9" el="222" ec="22" bec="0" bev="0" fileid="2" />
              </SequencePoints>
              <BranchPoints />
              <MethodPoint xsi:type="SequencePoint" vc="4" uspid="8" ordinal="0" offset="0" sl="220" sc="9" el="220" ec="39" bec="0" bev="0" fileid="2" />
            </Method>
            <Method visited="true" cyclomaticComplexity="1" nPathComplexity="0" sequenceCoverage="100" branchCoverage="0" isConstructor="false" isStatic="false" isGetter="false" isSetter="false" crapScore="1">
              <Summary numSequencePoints="1" visitedSequencePoints="1" numBranchPoints="1" visitedBranchPoints="0" sequenceCoverage="100" branchCoverage="0" maxCyclomaticComplexity="1" minCyclomaticComplexity="1" visitedClasses="0" numClasses="0" visitedMethods="1" numMethods="1" minCrapScore="1" maxCrapScore="1" />
              <MetadataToken>100663578</MetadataToken>
              <Name>Nichelson.Contract.EntryPoint Nichelson.Contract.ContractParameters::Find(System.String)</Name>
              <FileRef uid="2" />
              <SequencePoints>
                <SequencePoint vc="5" uspid="9" ordinal="0" offset="0" sl="224" sc="36" el="224" ec="60" bec="0" bev="0" fileid="2" />
              </SequencePoints>
              <BranchPoints />
              <MethodPoint xsi:type="SequencePoint" vc="5" uspid="9" ordinal="0" offset="0" sl="224" sc="36" el="224" ec="60" bec="0" bev="0" fileid="2" />
            </Method>
            <Method visited="true" cyclomaticComplexity="1" nPathComplexity="0" sequenceCoverage="100" branchCoverage="0" isConstructor="false" isStatic="false" isGetter="false" isSetter="false" crapScore="1">
              <Summary numSequencePoints="1" visitedSequencePoints="1" numBranchPoints="1" visitedBranchPoints="0" sequenceCoverage="100" branchCoverage="0" maxCyclomaticComplexity="1" minCyclomaticComplexity="1" visitedClasses="0" numClasses="0" visitedMethods="1" numMethods="1" minCrapScore="1" maxCrapScore="1" />
              <MetadataToken>100663579</MetadataToken>
              <Name>Nichelson.Contract.ContractParameters Nichelson.Contract.ContractParameters::Only(System.String)</Name>
              <FileRef uid="2" />
              <SequencePoints>
                <SequencePoint vc="2" uspid="10" ordinal="0" offset="0" sl="227" sc="9" el="227" ec="61" bec="0" bev="0" fileid="2" />
              </SequencePoints>
              <BranchPoints />
              <MethodPoint xsi:type="SequencePoint" vc="2" uspid="10" ordinal="0" offset="0" sl="227" sc="9" el="227" ec="61" bec="0" bev="0" fileid="2" />
            </Method>
            <Method visited="true" cyclomaticComplexity="2" nPathComplexity="2" sequenceCoverage="66.67" branchCoverage="66.67" isConstructor="false" isStatic="false" isGetter="false" isSetter="false" crapScore="2.15">
              <Summary numSequencePoints="3" visitedSequencePoints="2" numBranchPoints="3" visitedBranchPoints="2" sequenceCoverage="66.67" branchCoverage="66.67" maxCyclomaticComplexity="2" minCyclomaticComplexity="2" visitedClasses="0" numClasses="0" visitedMethods="1" numMethods="1" minCrapScore="2.15" maxCrapScore="2.15" />
              <MetadataToken>100663580</MetadataToken>
              <Name>a Nichelson.Contract.ContractParameters::Extract(System.String,Nichelson.Expr)</Name>
              <FileRef uid="2" />
              <SequencePoints>
                <SequencePoint vc="4" uspid="13" ordinal="0" offset="0" sl="230" sc="9" el="230" ec="74" bec="2" bev="1" fileid="2" />
                <SequencePoint vc="0" uspid="12" ordinal="1" offset="22" sl="232" sc="19" el="232" ec="45" bec="0" bev="0" fileid="2" />
                <SequencePoint vc="4" uspid="11" ordinal="2" offset="33" sl="231" sc="21" el="231" ec="22" bec="0" bev="0" fileid="2" />
              </SequencePoints>
              <BranchPoints>
                <BranchPoint vc="0" uspid="0" ordinal="0" offset="20" sl="230" path="0" offsetend="22" fileid="2" />
                <BranchPoint vc="4" uspid="1" ordinal="1" offset="20" sl="230" path="1" offsetend="33" fileid="2" />
              </BranchPoints>
              <MethodPoint xsi:type="SequencePoint" vc="4" uspid="13" ordinal="0" offset="0" sl="230" sc="9" el="230" ec="74" bec="2" bev="0" fileid="2" />
            </Method>
            <Method visited="true" cyclomaticComplexity="1" nPathComplexity="0" sequenceCoverage="100" branchCoverage="0" isConstructor="false" isStatic="false" isGetter="false" isSetter="false" crapScore="1">
              <Summary numSequencePoints="1" visitedSequencePoints="1" numBranchPoints="1" visitedBranchPoints="0" sequenceCoverage="100" branchCoverage="0" maxCyclomaticComplexity="1" minCyclomaticComplexity="1" visitedClasses="0" numClasses="0" visitedMethods="1" numMethods="1" minCrapScore="1" maxCrapScore="1" />
              <MetadataToken>100663581</MetadataToken>
              <Name>Nichelson.Expr Nichelson.Contract.ContractParameters::instantiate(Nichelson.PrimExpression,Nichelson.Contract.Arg)</Name>
              <FileRef uid="2" />
              <SequencePoints>
                <SequencePoint vc="18" uspid="14" ordinal="0" offset="0" sl="212" sc="13" el="212" ec="22" bec="0" bev="0" fileid="2" />
              </SequencePoints>
              <BranchPoints />
              <MethodPoint xsi:type="SequencePoint" vc="18" uspid="14" ordinal="0" offset="0" sl="212" sc="13" el="212" ec="22" bec="0" bev="0" fileid="2" />
            </Method>
          </Methods>
        </Class>
        <Class>
          <Summary numSequencePoints="8" visitedSequencePoints="8" numBranchPoints="19" visitedBranchPoints="13" sequenceCoverage="100" branchCoverage="68.42" maxCyclomaticComplexity="9" minCyclomaticComplexity="1" visitedClasses="1" numClasses="1" visitedMethods="3" numMethods="3" minCrapScore="1" maxCrapScore="9" />
          <FullName>Nichelson.Contract.Extract</FullName>
          <Methods>
            <Method visited="true" cyclomaticComplexity="3" nPathComplexity="2" sequenceCoverage="100" branchCoverage="66.67" isConstructor="false" isStatic="true" isGetter="false" isSetter="false" crapScore="3">
              <Summary numSequencePoints="2" visitedSequencePoints="2" numBranchPoints="3" visitedBranchPoints="2" sequenceCoverage="100" branchCoverage="66.67" maxCyclomaticComplexity="3" minCyclomaticComplexity="3" visitedClasses="0" numClasses="0" visitedMethods="1" numMethods="1" minCrapScore="3" maxCrapScore="3" />
              <MetadataToken>100663582</MetadataToken>
              <Name>v Nichelson.Contract.Extract::cast(Nichelson.Expr)</Name>
              <FileRef uid="2" />
              <SequencePoints>
                <SequencePoint vc="3" uspid="16" ordinal="0" offset="17" sl="71" sc="27" el="71" ec="51" bec="2" bev="1" fileid="2" />
                <SequencePoint vc="1" uspid="15" ordinal="1" offset="52" sl="72" sc="29" el="72" ec="53" bec="0" bev="0" fileid="2" />
              </SequencePoints>
              <BranchPoints>
                <BranchPoint vc="1" uspid="4" ordinal="0" offset="36" sl="71" path="0" offsetend="38" fileid="2" />
                <BranchPoint vc="0" uspid="5" ordinal="1" offset="36" sl="71" path="1" offsetend="59" fileid="2" />
              </BranchPoints>
              <MethodPoint xsi:type="SequencePoint" vc="3" uspid="16" ordinal="0" offset="17" sl="71" sc="27" el="71" ec="51" bec="2" bev="0" fileid="2" />
            </Method>
            <Method visited="true" cyclomaticComplexity="3" nPathComplexity="0" sequenceCoverage="0" branchCoverage="0" isConstructor="false" isStatic="true" isGetter="false" isSetter="false" crapScore="3">
              <Summary numSequencePoints="0" visitedSequencePoints="0" numBranchPoints="0" visitedBranchPoints="0" sequenceCoverage="0" branchCoverage="0" maxCyclomaticComplexity="3" minCyclomaticComplexity="3" visitedClasses="0" numClasses="0" visitedMethods="0" numMethods="0" minCrapScore="3" maxCrapScore="3" />
              <MetadataToken>100663583</MetadataToken>
              <Name>System.Boolean Nichelson.Contract.Extract::contains@1(a,Microsoft.FSharp.Collections.FSharpList`1&lt;a&gt;)</Name>
              <SequencePoints />
              <BranchPoints />
              <MethodPoint vc="12" uspid="100663583" ordinal="0" offset="0" />
            </Method>
            <Method visited="true" cyclomaticComplexity="9" nPathComplexity="24" sequenceCoverage="100" branchCoverage="73.33" isConstructor="false" isStatic="true" isGetter="false" isSetter="false" crapScore="9">
              <Summary numSequencePoints="4" visitedSequencePoints="4" numBranchPoints="15" visitedBranchPoints="11" sequenceCoverage="100" branchCoverage="73.33" maxCyclomaticComplexity="9" minCyclomaticComplexity="9" visitedClasses="0" numClasses="0" visitedMethods="1" numMethods="1" minCrapScore="9" maxCrapScore="9" />
              <MetadataToken>100663584</MetadataToken>
              <Name>Microsoft.FSharp.Core.FSharpOption`1&lt;a&gt; Nichelson.Contract.Extract::walk@75(System.String,Nichelson.Expr,Nichelson.Expr)</Name>
              <FileRef uid="2" />
              <SequencePoints>
                <SequencePoint vc="10" uspid="20" ordinal="0" offset="28" sl="77" sc="73" el="77" ec="92" bec="2" bev="0" fileid="2" />
                <SequencePoint vc="4" uspid="19" ordinal="1" offset="49" sl="77" sc="96" el="77" ec="108" bec="12" bev="10" fileid="2" />
                <SequencePoint vc="4" uspid="18" ordinal="2" offset="238" sl="79" sc="17" el="82" ec="34" bec="0" bev="0" fileid="2" />
                <SequencePoint vc="2" uspid="17" ordinal="3" offset="276" sl="83" sc="20" el="83" ec="24" bec="0" bev="0" fileid="2" />
              </SequencePoints>
              <BranchPoints>
                <BranchPoint vc="4" uspid="6" ordinal="0" offset="35" sl="77" path="0" offsetend="37" fileid="2" />
                <BranchPoint vc="6" uspid="7" ordinal="1" offset="35" sl="77" path="1" offsetend="61" fileid="2" />
                <BranchPoint vc="6" uspid="8" ordinal="2" offset="68" sl="77" path="0" offsetend="73" fileid="2" />
                <BranchPoint vc="0" uspid="9" ordinal="3" offset="68" sl="77" path="1" offsetend="276" fileid="2" />
                <BranchPoint vc="4" uspid="10" ordinal="4" offset="97" sl="77" path="0" offsetend="102" fileid="2" />
                <BranchPoint vc="2" uspid="11" ordinal="5" offset="97" sl="77" path="1" offsetend="276" fileid="2" />
                <BranchPoint vc="4" uspid="12" ordinal="6" offset="119" sl="77" path="0" offsetend="124" fileid="2" />
                <BranchPoint vc="0" uspid="13" ordinal="7" offset="119" sl="77" path="1" offsetend="276" fileid="2" />
                <BranchPoint vc="4" uspid="14" ordinal="8" offset="148" sl="77" path="0" offsetend="153" fileid="2" />
                <BranchPoint vc="0" uspid="15" ordinal="9" offset="148" sl="77" path="1" offsetend="276" fileid="2" />
                <BranchPoint vc="4" uspid="16" ordinal="10" offset="180" sl="77" path="0" offsetend="182" fileid="2" />
                <BranchPoint vc="0" uspid="17" ordinal="11" offset="180" sl="77" path="1" offsetend="276" fileid="2" />
                <BranchPoint vc="8" uspid="18" ordinal="12" offset="200" sl="77" path="0" offsetend="202" fileid="2" />
                <BranchPoint vc="25" uspid="19" ordinal="13" offset="200" sl="77" path="1" offsetend="276" fileid="2" />
              </BranchPoints>
              <MethodPoint xsi:type="SequencePoint" vc="10" uspid="20" ordinal="0" offset="28" sl="77" sc="73" el="77" ec="92" bec="2" bev="0" fileid="2" />
            </Method>
            <Method visited="true" cyclomaticComplexity="1" nPathComplexity="0" sequenceCoverage="100" branchCoverage="0" isConstructor="false" isStatic="true" isGetter="false" isSetter="false" crapScore="1">
              <Summary numSequencePoints="2" visitedSequencePoints="2" numBranchPoints="1" visitedBranchPoints="0" sequenceCoverage="100" branchCoverage="0" maxCyclomaticComplexity="1" minCyclomaticComplexity="1" visitedClasses="0" numClasses="0" visitedMethods="1" numMethods="1" minCrapScore="1" maxCrapScore="1" />
              <MetadataToken>100663585</MetadataToken>
              <Name>Microsoft.FSharp.Core.FSharpOption`1&lt;v&gt; Nichelson.Contract.Extract::extract(System.String,Nichelson.Expr,Nichelson.Expr)</Name>
              <FileRef uid="2" />
              <SequencePoints>
                <SequencePoint vc="4" uspid="22" ordinal="0" offset="0" sl="85" sc="9" el="85" ec="13" bec="0" bev="0" fileid="2" />
                <SequencePoint vc="4" uspid="21" ordinal="1" offset="2" sl="85" sc="9" el="85" ec="13" bec="0" bev="0" fileid="2" />
              </SequencePoints>
              <BranchPoints />
              <MethodPoint xsi:type="SequencePoint" vc="4" uspid="22" ordinal="0" offset="0" sl="85" sc="9" el="85" ec="13" bec="0" bev="0" fileid="2" />
            </Method>
          </Methods>
        </Class>
        <Class>
          <Summary numSequencePoints="0" visitedSequencePoints="0" numBranchPoints="0" visitedBranchPoints="0" sequenceCoverage="0" branchCoverage="0" maxCyclomaticComplexity="0" minCyclomaticComplexity="0" visitedClasses="0" numClasses="0" visitedMethods="0" numMethods="0" minCrapScore="0" maxCrapScore="0" />
          <FullName>Nichelson.Contract.Extract/walk@81-1</FullName>
          <Methods>
            <Method visited="true" cyclomaticComplexity="1" nPathComplexity="0" sequenceCoverage="0" branchCoverage="0" isConstructor="false" isStatic="false" isGetter="false" isSetter="false" crapScore="1">
              <Summary numSequencePoints="0" visitedSequencePoints="0" numBranchPoints="0" visitedBranchPoints="0" sequenceCoverage="0" branchCoverage="0" maxCyclomaticComplexity="1" minCyclomaticComplexity="1" visitedClasses="0" numClasses="0" visitedMethods="0" numMethods="0" minCrapScore="1" maxCrapScore="1" />
              <MetadataToken>100663587</MetadataToken>
              <Name>System.Boolean Nichelson.Contract.Extract/walk@81-1::Invoke(Microsoft.FSharp.Core.FSharpOption`1&lt;a&gt;)</Name>
              <SequencePoints />
              <BranchPoints />
              <MethodPoint vc="6" uspid="100663587" ordinal="0" offset="0" />
            </Method>
          </Methods>
        </Class>
        <Class>
          <Summary numSequencePoints="1" visitedSequencePoints="1" numBranchPoints="1" visitedBranchPoints="0" sequenceCoverage="100" branchCoverage="0" maxCyclomaticComplexity="1" minCyclomaticComplexity="1" visitedClasses="1" numClasses="1" visitedMethods="1" numMethods="1" minCrapScore="1" maxCrapScore="1" />
          <FullName>Nichelson.Contract.Extract/walk@80-2</FullName>
          <Methods>
            <Method visited="true" cyclomaticComplexity="1" nPathComplexity="0" sequenceCoverage="100" branchCoverage="0" isConstructor="false" isStatic="false" isGetter="false" isSetter="false" crapScore="1">
              <Summary numSequencePoints="1" visitedSequencePoints="1" numBranchPoints="1" visitedBranchPoints="0" sequenceCoverage="100" branchCoverage="0" maxCyclomaticComplexity="1" minCyclomaticComplexity="1" visitedClasses="0" numClasses="0" visitedMethods="1" numMethods="1" minCrapScore="1" maxCrapScore="1" />
              <MetadataToken>100663589</MetadataToken>
              <Name>Microsoft.FSharp.Core.FSharpOption`1&lt;a&gt; Nichelson.Contract.Extract/walk@80-2::Invoke(System.Tuple`2&lt;Nichelson.Expr,Nichelson.Expr&gt;)</Name>
              <FileRef uid="2" />
              <SequencePoints>
                <SequencePoint vc="6" uspid="23" ordinal="0" offset="14" sl="80" sc="43" el="80" ec="47" bec="0" bev="0" fileid="2" />
              </SequencePoints>
              <BranchPoints />
              <MethodPoint xsi:type="SequencePoint" vc="6" uspid="23" ordinal="0" offset="14" sl="80" sc="43" el="80" ec="47" bec="0" bev="0" fileid="2" />
            </Method>
          </Methods>
        </Class>
        <Class>
          <Summary numSequencePoints="1" visitedSequencePoints="1" numBranchPoints="1" visitedBranchPoints="0" sequenceCoverage="100" branchCoverage="0" maxCyclomaticComplexity="1" minCyclomaticComplexity="1" visitedClasses="1" numClasses="1" visitedMethods="1" numMethods="1" minCrapScore="1" maxCrapScore="1" />
          <FullName>Nichelson.Contract.EntryPointModule</FullName>
          <Methods>
            <Method visited="true" cyclomaticComplexity="1" nPathComplexity="0" sequenceCoverage="100" branchCoverage="0" isConstructor="false" isStatic="true" isGetter="false" isSetter="false" crapScore="1">
              <Summary numSequencePoints="1" visitedSequencePoints="1" numBranchPoints="1" visitedBranchPoints="0" sequenceCoverage="100" branchCoverage="0" maxCyclomaticComplexity="1" minCyclomaticComplexity="1" visitedClasses="0" numClasses="0" visitedMethods="1" numMethods="1" minCrapScore="1" maxCrapScore="1" />
              <MetadataToken>100663590</MetadataToken>
              <Name>Nichelson.Contract.EntryPoint Nichelson.Contract.EntryPointModule::create(System.String,Nichelson.PrimExpression,Microsoft.FSharp.Collections.FSharpList`1&lt;Nichelson.Prim&gt;)</Name>
              <FileRef uid="2" />
              <SequencePoints>
                <SequencePoint vc="26" uspid="24" ordinal="0" offset="0" sl="63" sc="9" el="65" ec="24" bec="0" bev="0" fileid="2" />
              </SequencePoints>
              <BranchPoints />
              <MethodPoint xsi:type="SequencePoint" vc="26" uspid="24" ordinal="0" offset="0" sl="63" sc="9" el="65" ec="24" bec="0" bev="0" fileid="2" />
            </Method>
          </Methods>
        </Class>
        <Class>
          <Summary numSequencePoints="5" visitedSequencePoints="4" numBranchPoints="4" visitedBranchPoints="3" sequenceCoverage="80" branchCoverage="75" maxCyclomaticComplexity="2" minCyclomaticComplexity="1" visitedClasses="1" numClasses="1" visitedMethods="1" numMethods="2" minCrapScore="2" maxCrapScore="2" />
          <FullName>Nichelson.Contract.ArgModule</FullName>
          <Methods>
            <Method visited="false" cyclomaticComplexity="1" nPathComplexity="0" sequenceCoverage="0" branchCoverage="0" isConstructor="false" isStatic="true" isGetter="false" isSetter="false" crapScore="2">
              <Summary numSequencePoints="1" visitedSequencePoints="0" numBranchPoints="1" visitedBranchPoints="0" sequenceCoverage="0" branchCoverage="0" maxCyclomaticComplexity="1" minCyclomaticComplexity="1" visitedClasses="0" numClasses="0" visitedMethods="0" numMethods="1" minCrapScore="2" maxCrapScore="2" />
              <MetadataToken>100663591</MetadataToken>
              <Name>Nichelson.Contract.Arg Nichelson.Contract.ArgModule::Rec(Microsoft.FSharp.Collections.FSharpList`1&lt;System.Tuple`2&lt;System.String,Nichelson.Contract.Arg&gt;&gt;)</Name>
              <FileRef uid="2" />
              <SequencePoints>
                <SequencePoint vc="0" uspid="25" ordinal="0" offset="0" sl="26" sc="15" el="26" ec="21" bec="0" bev="0" fileid="2" />
              </SequencePoints>
              <BranchPoints />
              <MethodPoint xsi:type="SequencePoint" vc="0" uspid="25" ordinal="0" offset="0" sl="26" sc="15" el="26" ec="21" bec="0" bev="0" fileid="2" />
            </Method>
            <Method visited="true" cyclomaticComplexity="1" nPathComplexity="0" sequenceCoverage="0" branchCoverage="0" isConstructor="false" isStatic="true" isGetter="true" isSetter="false" crapScore="1">
              <Summary numSequencePoints="0" visitedSequencePoints="0" numBranchPoints="0" visitedBranchPoints="0" sequenceCoverage="0" branchCoverage="0" maxCyclomaticComplexity="1" minCyclomaticComplexity="1" visitedClasses="0" numClasses="0" visitedMethods="0" numMethods="0" minCrapScore="1" maxCrapScore="1" />
              <MetadataToken>100663592</MetadataToken>
              <Name>Microsoft.FSharp.Core.FSharpFunc`2&lt;Nichelson.Contract.Arg,Nichelson.Contract.Arg&gt; Nichelson.Contract.ArgModule::get_LeftArg()</Name>
              <SequencePoints />
              <BranchPoints />
              <MethodPoint vc="1" uspid="100663592" ordinal="0" offset="0" />
            </Method>
            <Method visited="true" cyclomaticComplexity="1" nPathComplexity="0" sequenceCoverage="0" branchCoverage="0" isConstructor="false" isStatic="true" isGetter="true" isSetter="false" crapScore="1">
              <Summary numSequencePoints="0" visitedSequencePoints="0" numBranchPoints="0" visitedBranchPoints="0" sequenceCoverage="0" branchCoverage="0" maxCyclomaticComplexity="1" minCyclomaticComplexity="1" visitedClasses="0" numClasses="0" visitedMethods="0" numMethods="0" minCrapScore="1" maxCrapScore="1" />
              <MetadataToken>100663593</MetadataToken>
              <Name>Microsoft.FSharp.Core.FSharpFunc`2&lt;Nichelson.Contract.Arg,Nichelson.Contract.Arg&gt; Nichelson.Contract.ArgModule::get_RightArg()</Name>
              <SequencePoints />
              <BranchPoints />
              <MethodPoint vc="1" uspid="100663593" ordinal="0" offset="0" />
            </Method>
            <Method visited="true" cyclomaticComplexity="1" nPathComplexity="0" sequenceCoverage="0" branchCoverage="0" isConstructor="false" isStatic="true" isGetter="true" isSetter="false" crapScore="1">
              <Summary numSequencePoints="0" visitedSequencePoints="0" numBranchPoints="0" visitedBranchPoints="0" sequenceCoverage="0" branchCoverage="0" maxCyclomaticComplexity="1" minCyclomaticComplexity="1" visitedClasses="0" numClasses="0" visitedMethods="0" numMethods="0" minCrapScore="1" maxCrapScore="1" />
              <MetadataToken>100663594</MetadataToken>
              <Name>Microsoft.FSharp.Core.FSharpFunc`2&lt;System.Numerics.BigInteger,Nichelson.Contract.Arg&gt; Nichelson.Contract.ArgModule::get_IntArg()</Name>
              <SequencePoints />
              <BranchPoints />
              <MethodPoint vc="16" uspid="100663594" ordinal="0" offset="0" />
            </Method>
            <Method visited="true" cyclomaticComplexity="1" nPathComplexity="0" sequenceCoverage="0" branchCoverage="0" isConstructor="false" isStatic="true" isGetter="true" isSetter="false" crapScore="1">
              <Summary numSequencePoints="0" visitedSequencePoints="0" numBranchPoints="0" visitedBranchPoints="0" sequenceCoverage="0" branchCoverage="0" maxCyclomaticComplexity="1" minCyclomaticComplexity="1" visitedClasses="0" numClasses="0" visitedMethods="0" numMethods="0" minCrapScore="1" maxCrapScore="1" />
              <MetadataToken>100663595</MetadataToken>
              <Name>Microsoft.FSharp.Core.FSharpFunc`2&lt;System.String,Nichelson.Contract.Arg&gt; Nichelson.Contract.ArgModule::get_StringArg()</Name>
              <SequencePoints />
              <BranchPoints />
              <MethodPoint vc="24" uspid="100663595" ordinal="0" offset="0" />
            </Method>
            <Method visited="true" cyclomaticComplexity="1" nPathComplexity="0" sequenceCoverage="0" branchCoverage="0" isConstructor="false" isStatic="true" isGetter="true" isSetter="false" crapScore="1">
              <Summary numSequencePoints="0" visitedSequencePoints="0" numBranchPoints="0" visitedBranchPoints="0" sequenceCoverage="0" branchCoverage="0" maxCyclomaticComplexity="1" minCyclomaticComplexity="1" visitedClasses="0" numClasses="0" visitedMethods="0" numMethods="0" minCrapScore="1" maxCrapScore="1" />
              <MetadataToken>100663596</MetadataToken>
              <Name>Microsoft.FSharp.Core.FSharpFunc`2&lt;System.Byte[],Nichelson.Contract.Arg&gt; Nichelson.Contract.ArgModule::get_BytesArg()</Name>
              <SequencePoints />
              <BranchPoints />
              <MethodPoint vc="1" uspid="100663596" ordinal="0" offset="0" />
            </Method>
            <Method visited="false" cyclomaticComplexity="1" nPathComplexity="0" sequenceCoverage="0" branchCoverage="0" isConstructor="false" isStatic="true" isGetter="true" isSetter="false" crapScore="2">
              <Summary numSequencePoints="0" visitedSequencePoints="0" numBranchPoints="0" visitedBranchPoints="0" sequenceCoverage="0" branchCoverage="0" maxCyclomaticComplexity="1" minCyclomaticComplexity="1" visitedClasses="0" numClasses="0" visitedMethods="0" numMethods="0" minCrapScore="2" maxCrapScore="2" />
              <MetadataToken>100663597</MetadataToken>
              <Name>Microsoft.FSharp.Core.FSharpFunc`2&lt;Nichelson.Signature/T,Nichelson.Contract.Arg&gt; Nichelson.Contract.ArgModule::get_SignatureArg()</Name>
              <SequencePoints />
              <BranchPoints />
              <MethodPoint vc="0" uspid="100663597" ordinal="0" offset="0" />
            </Method>
            <Method visited="false" cyclomaticComplexity="1" nPathComplexity="0" sequenceCoverage="0" branchCoverage="0" isConstructor="false" isStatic="true" isGetter="true" isSetter="false" crapScore="2">
              <Summary numSequencePoints="0" visitedSequencePoints="0" numBranchPoints="0" visitedBranchPoints="0" sequenceCoverage="0" branchCoverage="0" maxCyclomaticComplexity="1" minCyclomaticComplexity="1" visitedClasses="0" numClasses="0" visitedMethods="0" numMethods="0" minCrapScore="2" maxCrapScore="2" />
              <MetadataToken>100663598</MetadataToken>
              <Name>Microsoft.FSharp.Core.FSharpFunc`2&lt;Nichelson.TezosAddress/T,Nichelson.Contract.Arg&gt; Nichelson.Contract.ArgModule::get_AddressArg()</Name>
              <SequencePoints />
              <BranchPoints />
              <MethodPoint vc="0" uspid="100663598" ordinal="0" offset="0" />
            </Method>
            <Method visited="true" cyclomaticComplexity="2" nPathComplexity="2" sequenceCoverage="100" branchCoverage="100" isConstructor="false" isStatic="true" isGetter="false" isSetter="false" crapScore="2">
              <Summary numSequencePoints="4" visitedSequencePoints="4" numBranchPoints="3" visitedBranchPoints="3" sequenceCoverage="100" branchCoverage="100" maxCyclomaticComplexity="2" minCyclomaticComplexity="2" visitedClasses="0" numClasses="0" visitedMethods="1" numMethods="1" minCrapScore="2" maxCrapScore="2" />
              <MetadataToken>100663599</MetadataToken>
              <Name>Nichelson.Contract.Arg Nichelson.Contract.ArgModule::Find(Microsoft.FSharp.Collections.FSharpList`1&lt;System.Tuple`2&lt;System.String,Nichelson.Contract.Arg&gt;&gt;,System.String)</Name>
              <FileRef uid="2" />
              <SequencePoints>
                <SequencePoint vc="29" uspid="29" ordinal="0" offset="0" sl="43" sc="9" el="44" ec="59" bec="2" bev="0" fileid="2" />
                <SequencePoint vc="4" uspid="28" ordinal="1" offset="16" sl="48" sc="19" el="48" ec="88" bec="0" bev="0" fileid="2" />
                <SequencePoint vc="25" uspid="27" ordinal="2" offset="58" sl="43" sc="9" el="44" ec="59" bec="0" bev="2" fileid="2" />
                <SequencePoint vc="25" uspid="26" ordinal="3" offset="60" sl="47" sc="26" el="47" ec="27" bec="0" bev="0" fileid="2" />
              </SequencePoints>
              <BranchPoints>
                <BranchPoint vc="8" uspid="18" ordinal="0" offset="14" sl="43" path="0" offsetend="16" fileid="2" />
                <BranchPoint vc="25" uspid="19" ordinal="1" offset="14" sl="43" path="1" offsetend="58" fileid="2" />
              </BranchPoints>
              <MethodPoint xsi:type="SequencePoint" vc="29" uspid="29" ordinal="0" offset="0" sl="43" sc="9" el="44" ec="59" bec="2" bev="0" fileid="2" />
            </Method>
          </Methods>
        </Class>
        <Class>
          <Summary numSequencePoints="1" visitedSequencePoints="1" numBranchPoints="1" visitedBranchPoints="0" sequenceCoverage="100" branchCoverage="0" maxCyclomaticComplexity="1" minCyclomaticComplexity="1" visitedClasses="1" numClasses="1" visitedMethods="1" numMethods="1" minCrapScore="1" maxCrapScore="1" />
          <FullName>Nichelson.Contract.ArgModule/LeftArg@28</FullName>
          <Methods>
            <Method visited="true" cyclomaticComplexity="1" nPathComplexity="0" sequenceCoverage="100" branchCoverage="0" isConstructor="false" isStatic="false" isGetter="false" isSetter="false" crapScore="1">
              <Summary numSequencePoints="1" visitedSequencePoints="1" numBranchPoints="1" visitedBranchPoints="0" sequenceCoverage="100" branchCoverage="0" maxCyclomaticComplexity="1" minCyclomaticComplexity="1" visitedClasses="0" numClasses="0" visitedMethods="1" numMethods="1" minCrapScore="1" maxCrapScore="1" />
              <MetadataToken>100663601</MetadataToken>
              <Name>Nichelson.Contract.Arg Nichelson.Contract.ArgModule/LeftArg@28::Invoke(Nichelson.Contract.Arg)</Name>
              <FileRef uid="2" />
              <SequencePoints>
                <SequencePoint vc="1" uspid="30" ordinal="0" offset="0" sl="28" sc="19" el="28" ec="33" bec="0" bev="0" fileid="2" />
              </SequencePoints>
              <BranchPoints />
              <MethodPoint xsi:type="SequencePoint" vc="1" uspid="30" ordinal="0" offset="0" sl="28" sc="19" el="28" ec="33" bec="0" bev="0" fileid="2" />
            </Method>
          </Methods>
        </Class>
        <Class>
          <Summary numSequencePoints="1" visitedSequencePoints="1" numBranchPoints="1" visitedBranchPoints="0" sequenceCoverage="100" branchCoverage="0" maxCyclomaticComplexity="1" minCyclomaticComplexity="1" visitedClasses="1" numClasses="1" visitedMethods="1" numMethods="1" minCrapScore="1" maxCrapScore="1" />
          <FullName>Nichelson.Contract.ArgModule/RightArg@30</FullName>
          <Methods>
            <Method visited="true" cyclomaticComplexity="1" nPathComplexity="0" sequenceCoverage="100" branchCoverage="0" isConstructor="false" isStatic="false" isGetter="false" isSetter="false" crapScore="1">
              <Summary numSequencePoints="1" visitedSequencePoints="1" numBranchPoints="1" visitedBranchPoints="0" sequenceCoverage="100" branchCoverage="0" maxCyclomaticComplexity="1" minCyclomaticComplexity="1" visitedClasses="0" numClasses="0" visitedMethods="1" numMethods="1" minCrapScore="1" maxCrapScore="1" />
              <MetadataToken>100663603</MetadataToken>
              <Name>Nichelson.Contract.Arg Nichelson.Contract.ArgModule/RightArg@30::Invoke(Nichelson.Contract.Arg)</Name>
              <FileRef uid="2" />
              <SequencePoints>
                <SequencePoint vc="1" uspid="31" ordinal="0" offset="0" sl="30" sc="20" el="30" ec="35" bec="0" bev="0" fileid="2" />
              </SequencePoints>
              <BranchPoints />
              <MethodPoint xsi:type="SequencePoint" vc="1" uspid="31" ordinal="0" offset="0" sl="30" sc="20" el="30" ec="35" bec="0" bev="0" fileid="2" />
            </Method>
          </Methods>
        </Class>
        <Class>
          <Summary numSequencePoints="1" visitedSequencePoints="1" numBranchPoints="1" visitedBranchPoints="0" sequenceCoverage="100" branchCoverage="0" maxCyclomaticComplexity="1" minCyclomaticComplexity="1" visitedClasses="1" numClasses="1" visitedMethods="1" numMethods="1" minCrapScore="1" maxCrapScore="1" />
          <FullName>Nichelson.Contract.ArgModule/IntArg@32</FullName>
          <Methods>
            <Method visited="true" cyclomaticComplexity="1" nPathComplexity="0" sequenceCoverage="100" branchCoverage="0" isConstructor="false" isStatic="false" isGetter="false" isSetter="false" crapScore="1">
              <Summary numSequencePoints="1" visitedSequencePoints="1" numBranchPoints="1" visitedBranchPoints="0" sequenceCoverage="100" branchCoverage="0" maxCyclomaticComplexity="1" minCyclomaticComplexity="1" visitedClasses="0" numClasses="0" visitedMethods="1" numMethods="1" minCrapScore="1" maxCrapScore="1" />
              <MetadataToken>100663605</MetadataToken>
              <Name>Nichelson.Contract.Arg Nichelson.Contract.ArgModule/IntArg@32::Invoke(System.Numerics.BigInteger)</Name>
              <FileRef uid="2" />
              <SequencePoints>
                <SequencePoint vc="16" uspid="32" ordinal="0" offset="0" sl="32" sc="18" el="32" ec="34" bec="0" bev="0" fileid="2" />
              </SequencePoints>
              <BranchPoints />
              <MethodPoint xsi:type="SequencePoint" vc="16" uspid="32" ordinal="0" offset="0" sl="32" sc="18" el="32" ec="34" bec="0" bev="0" fileid="2" />
            </Method>
          </Methods>
        </Class>
        <Class>
          <Summary numSequencePoints="1" visitedSequencePoints="1" numBranchPoints="1" visitedBranchPoints="0" sequenceCoverage="100" branchCoverage="0" maxCyclomaticComplexity="1" minCyclomaticComplexity="1" visitedClasses="1" numClasses="1" visitedMethods="1" numMethods="1" minCrapScore="1" maxCrapScore="1" />
          <FullName>Nichelson.Contract.ArgModule/StringArg@34</FullName>
          <Methods>
            <Method visited="true" cyclomaticComplexity="1" nPathComplexity="0" sequenceCoverage="100" branchCoverage="0" isConstructor="false" isStatic="false" isGetter="false" isSetter="false" crapScore="1">
              <Summary numSequencePoints="1" visitedSequencePoints="1" numBranchPoints="1" visitedBranchPoints="0" sequenceCoverage="100" branchCoverage="0" maxCyclomaticComplexity="1" minCyclomaticComplexity="1" visitedClasses="0" numClasses="0" visitedMethods="1" numMethods="1" minCrapScore="1" maxCrapScore="1" />
              <MetadataToken>100663607</MetadataToken>
              <Name>Nichelson.Contract.Arg Nichelson.Contract.ArgModule/StringArg@34::Invoke(System.String)</Name>
              <FileRef uid="2" />
              <SequencePoints>
                <SequencePoint vc="24" uspid="33" ordinal="0" offset="0" sl="34" sc="21" el="34" ec="40" bec="0" bev="0" fileid="2" />
              </SequencePoints>
              <BranchPoints />
              <MethodPoint xsi:type="SequencePoint" vc="24" uspid="33" ordinal="0" offset="0" sl="34" sc="21" el="34" ec="40" bec="0" bev="0" fileid="2" />
            </Method>
          </Methods>
        </Class>
        <Class>
          <Summary numSequencePoints="1" visitedSequencePoints="1" numBranchPoints="1" visitedBranchPoints="0" sequenceCoverage="100" branchCoverage="0" maxCyclomaticComplexity="1" minCyclomaticComplexity="1" visitedClasses="1" numClasses="1" visitedMethods="1" numMethods="1" minCrapScore="1" maxCrapScore="1" />
          <FullName>Nichelson.Contract.ArgModule/BytesArg@36</FullName>
          <Methods>
            <Method visited="true" cyclomaticComplexity="1" nPathComplexity="0" sequenceCoverage="100" branchCoverage="0" isConstructor="false" isStatic="false" isGetter="false" isSetter="false" crapScore="1">
              <Summary numSequencePoints="1" visitedSequencePoints="1" numBranchPoints="1" visitedBranchPoints="0" sequenceCoverage="100" branchCoverage="0" maxCyclomaticComplexity="1" minCyclomaticComplexity="1" visitedClasses="0" numClasses="0" visitedMethods="1" numMethods="1" minCrapScore="1" maxCrapScore="1" />
              <MetadataToken>100663609</MetadataToken>
              <Name>Nichelson.Contract.Arg Nichelson.Contract.ArgModule/BytesArg@36::Invoke(System.Byte[])</Name>
              <FileRef uid="2" />
              <SequencePoints>
                <SequencePoint vc="1" uspid="34" ordinal="0" offset="0" sl="36" sc="20" el="36" ec="38" bec="0" bev="0" fileid="2" />
              </SequencePoints>
              <BranchPoints />
              <MethodPoint xsi:type="SequencePoint" vc="1" uspid="34" ordinal="0" offset="0" sl="36" sc="20" el="36" ec="38" bec="0" bev="0" fileid="2" />
            </Method>
          </Methods>
        </Class>
        <Class>
          <Summary numSequencePoints="1" visitedSequencePoints="0" numBranchPoints="1" visitedBranchPoints="0" sequenceCoverage="0" branchCoverage="0" maxCyclomaticComplexity="1" minCyclomaticComplexity="1" visitedClasses="0" numClasses="1" visitedMethods="0" numMethods="1" minCrapScore="2" maxCrapScore="2" />
          <FullName>Nichelson.Contract.ArgModule/SignatureArg@38</FullName>
          <Methods>
            <Method visited="false" cyclomaticComplexity="1" nPathComplexity="0" sequenceCoverage="0" branchCoverage="0" isConstructor="false" isStatic="false" isGetter="false" isSetter="false" crapScore="2">
              <Summary numSequencePoints="1" visitedSequencePoints="0" numBranchPoints="1" visitedBranchPoints="0" sequenceCoverage="0" branchCoverage="0" maxCyclomaticComplexity="1" minCyclomaticComplexity="1" visitedClasses="0" numClasses="0" visitedMethods="0" numMethods="1" minCrapScore="2" maxCrapScore="2" />
              <MetadataToken>100663611</MetadataToken>
              <Name>Nichelson.Contract.Arg Nichelson.Contract.ArgModule/SignatureArg@38::Invoke(Nichelson.Signature/T)</Name>
              <FileRef uid="2" />
              <SequencePoints>
                <SequencePoint vc="0" uspid="35" ordinal="0" offset="0" sl="38" sc="24" el="38" ec="46" bec="0" bev="0" fileid="2" />
              </SequencePoints>
              <BranchPoints />
              <MethodPoint xsi:type="SequencePoint" vc="0" uspid="35" ordinal="0" offset="0" sl="38" sc="24" el="38" ec="46" bec="0" bev="0" fileid="2" />
            </Method>
          </Methods>
        </Class>
        <Class>
          <Summary numSequencePoints="1" visitedSequencePoints="0" numBranchPoints="1" visitedBranchPoints="0" sequenceCoverage="0" branchCoverage="0" maxCyclomaticComplexity="1" minCyclomaticComplexity="1" visitedClasses="0" numClasses="1" visitedMethods="0" numMethods="1" minCrapScore="2" maxCrapScore="2" />
          <FullName>Nichelson.Contract.ArgModule/AddressArg@40</FullName>
          <Methods>
            <Method visited="false" cyclomaticComplexity="1" nPathComplexity="0" sequenceCoverage="0" branchCoverage="0" isConstructor="false" isStatic="false" isGetter="false" isSetter="false" crapScore="2">
              <Summary numSequencePoints="1" visitedSequencePoints="0" numBranchPoints="1" visitedBranchPoints="0" sequenceCoverage="0" branchCoverage="0" maxCyclomaticComplexity="1" minCyclomaticComplexity="1" visitedClasses="0" numClasses="0" visitedMethods="0" numMethods="1" minCrapScore="2" maxCrapScore="2" />
              <MetadataToken>100663613</MetadataToken>
              <Name>Nichelson.Contract.Arg Nichelson.Contract.ArgModule/AddressArg@40::Invoke(Nichelson.TezosAddress/T)</Name>
              <FileRef uid="2" />
              <SequencePoints>
                <SequencePoint vc="0" uspid="36" ordinal="0" offset="0" sl="40" sc="22" el="40" ec="42" bec="0" bev="0" fileid="2" />
              </SequencePoints>
              <BranchPoints />
              <MethodPoint xsi:type="SequencePoint" vc="0" uspid="36" ordinal="0" offset="0" sl="40" sc="22" el="40" ec="42" bec="0" bev="0" fileid="2" />
            </Method>
          </Methods>
        </Class>
        <Class>
          <Summary numSequencePoints="1" visitedSequencePoints="1" numBranchPoints="1" visitedBranchPoints="0" sequenceCoverage="100" branchCoverage="0" maxCyclomaticComplexity="1" minCyclomaticComplexity="1" visitedClasses="1" numClasses="1" visitedMethods="1" numMethods="1" minCrapScore="1" maxCrapScore="1" />
          <FullName>Nichelson.Contract.ArgModule/r@44</FullName>
          <Methods>
            <Method visited="true" cyclomaticComplexity="1" nPathComplexity="0" sequenceCoverage="100" branchCoverage="0" isConstructor="false" isStatic="false" isGetter="false" isSetter="false" crapScore="1">
              <Summary numSequencePoints="1" visitedSequencePoints="1" numBranchPoints="1" visitedBranchPoints="0" sequenceCoverage="100" branchCoverage="0" maxCyclomaticComplexity="1" minCyclomaticComplexity="1" visitedClasses="0" numClasses="0" visitedMethods="1" numMethods="1" minCrapScore="1" maxCrapScore="1" />
              <MetadataToken>100663615</MetadataToken>
              <Name>System.Boolean Nichelson.Contract.ArgModule/r@44::Invoke(System.Tuple`2&lt;System.String,Nichelson.Contract.Arg&gt;)</Name>
              <FileRef uid="2" />
              <SequencePoints>
                <SequencePoint vc="50" uspid="37" ordinal="0" offset="14" sl="44" sc="51" el="44" ec="58" bec="0" bev="0" fileid="2" />
              </SequencePoints>
              <BranchPoints />
              <MethodPoint xsi:type="SequencePoint" vc="50" uspid="37" ordinal="0" offset="14" sl="44" sc="51" el="44" ec="58" bec="0" bev="0" fileid="2" />
            </Method>
          </Methods>
        </Class>
        <Class>
          <Summary numSequencePoints="1" visitedSequencePoints="1" numBranchPoints="1" visitedBranchPoints="0" sequenceCoverage="100" branchCoverage="0" maxCyclomaticComplexity="1" minCyclomaticComplexity="1" visitedClasses="1" numClasses="1" visitedMethods="1" numMethods="1" minCrapScore="1" maxCrapScore="1" />
          <FullName>Nichelson.Contract.ArgModule/Find@48-1</FullName>
          <Methods>
            <Method visited="true" cyclomaticComplexity="1" nPathComplexity="0" sequenceCoverage="100" branchCoverage="0" isConstructor="false" isStatic="false" isGetter="false" isSetter="false" crapScore="1">
              <Summary numSequencePoints="1" visitedSequencePoints="1" numBranchPoints="1" visitedBranchPoints="0" sequenceCoverage="100" branchCoverage="0" maxCyclomaticComplexity="1" minCyclomaticComplexity="1" visitedClasses="0" numClasses="0" visitedMethods="1" numMethods="1" minCrapScore="1" maxCrapScore="1" />
              <MetadataToken>100663617</MetadataToken>
              <Name>System.String Nichelson.Contract.ArgModule/Find@48-1::Invoke(System.String)</Name>
              <FileRef uid="2" />
              <SequencePoints>
                <SequencePoint vc="4" uspid="38" ordinal="0" offset="0" sl="48" sc="29" el="48" ec="63" bec="0" bev="0" fileid="2" />
              </SequencePoints>
              <BranchPoints />
              <MethodPoint xsi:type="SequencePoint" vc="4" uspid="38" ordinal="0" offset="0" sl="48" sc="29" el="48" ec="63" bec="0" bev="0" fileid="2" />
            </Method>
          </Methods>
        </Class>
        <Class>
          <Summary numSequencePoints="1" visitedSequencePoints="1" numBranchPoints="1" visitedBranchPoints="0" sequenceCoverage="100" branchCoverage="0" maxCyclomaticComplexity="1" minCyclomaticComplexity="1" visitedClasses="1" numClasses="1" visitedMethods="1" numMethods="1" minCrapScore="1" maxCrapScore="1" />
          <FullName>Nichelson.Contract.ArgModule/Find@48</FullName>
          <Methods>
            <Method visited="true" cyclomaticComplexity="1" nPathComplexity="0" sequenceCoverage="100" branchCoverage="0" isConstructor="false" isStatic="false" isGetter="false" isSetter="false" crapScore="1">
              <Summary numSequencePoints="1" visitedSequencePoints="1" numBranchPoints="1" visitedBranchPoints="0" sequenceCoverage="100" branchCoverage="0" maxCyclomaticComplexity="1" minCyclomaticComplexity="1" visitedClasses="0" numClasses="0" visitedMethods="1" numMethods="1" minCrapScore="1" maxCrapScore="1" />
              <MetadataToken>100663619</MetadataToken>
              <Name>Microsoft.FSharp.Core.FSharpFunc`2&lt;System.String,System.String&gt; Nichelson.Contract.ArgModule/Find@48::Invoke(System.String)</Name>
              <FileRef uid="2" />
              <SequencePoints>
                <SequencePoint vc="4" uspid="39" ordinal="0" offset="0" sl="48" sc="29" el="48" ec="63" bec="0" bev="0" fileid="2" />
              </SequencePoints>
              <BranchPoints />
              <MethodPoint xsi:type="SequencePoint" vc="4" uspid="39" ordinal="0" offset="0" sl="48" sc="29" el="48" ec="63" bec="0" bev="0" fileid="2" />
            </Method>
          </Methods>
        </Class>
        <Class>
          <Summary numSequencePoints="46" visitedSequencePoints="38" numBranchPoints="92" visitedBranchPoints="41" sequenceCoverage="82.61" branchCoverage="44.57" maxCyclomaticComplexity="34" minCyclomaticComplexity="1" visitedClasses="1" numClasses="1" visitedMethods="5" numMethods="9" minCrapScore="1" maxCrapScore="56" />
          <FullName>&lt;StartupCode$Nichelson&gt;.$ContractParameters</FullName>
          <Methods>
            <Method visited="false" cyclomaticComplexity="5" nPathComplexity="0" sequenceCoverage="0" branchCoverage="0" isConstructor="false" isStatic="true" isGetter="false" isSetter="false" crapScore="30">
              <Summary numSequencePoints="0" visitedSequencePoints="0" numBranchPoints="0" visitedBranchPoints="0" sequenceCoverage="0" branchCoverage="0" maxCyclomaticComplexity="5" minCyclomaticComplexity="5" visitedClasses="0" numClasses="0" visitedMethods="0" numMethods="0" minCrapScore="30" maxCrapScore="30" />
              <MetadataToken>100663620</MetadataToken>
              <Name>System.Int32 &lt;StartupCode$Nichelson&gt;.$ContractParameters::CompareTo$cont@6(Nichelson.Contract.Arg,Nichelson.Contract.Arg,Microsoft.FSharp.Core.Unit)</Name>
              <SequencePoints />
              <BranchPoints />
              <MethodPoint vc="0" uspid="100663620" ordinal="0" offset="0" />
            </Method>
            <Method visited="false" cyclomaticComplexity="5" nPathComplexity="5" sequenceCoverage="0" branchCoverage="0" isConstructor="false" isStatic="true" isGetter="false" isSetter="false" crapScore="30">
              <Summary numSequencePoints="1" visitedSequencePoints="0" numBranchPoints="6" visitedBranchPoints="0" sequenceCoverage="0" branchCoverage="0" maxCyclomaticComplexity="5" minCyclomaticComplexity="5" visitedClasses="0" numClasses="0" visitedMethods="0" numMethods="1" minCrapScore="30" maxCrapScore="30" />
              <MetadataToken>100663622</MetadataToken>
              <Name>System.Int32 &lt;StartupCode$Nichelson&gt;.$ContractParameters::GetHashCode$cont@6(System.Collections.IEqualityComparer,Nichelson.Contract.Arg,Microsoft.FSharp.Core.Unit)</Name>
              <FileRef uid="2" />
              <SequencePoints>
                <SequencePoint vc="0" uspid="40" ordinal="0" offset="0" sl="6" sc="6" el="6" ec="9" bec="5" bev="0" fileid="2" />
              </SequencePoints>
              <BranchPoints>
                <BranchPoint vc="0" uspid="20" ordinal="0" offset="8" sl="6" path="0" offsetend="33" fileid="2" />
                <BranchPoint vc="0" uspid="21" ordinal="1" offset="8" sl="6" path="1" offsetend="71" fileid="2" />
                <BranchPoint vc="0" uspid="22" ordinal="2" offset="8" sl="6" path="2" offsetend="109" fileid="2" />
                <BranchPoint vc="0" uspid="23" ordinal="3" offset="8" sl="6" path="3" offsetend="147" fileid="2" />
                <BranchPoint vc="0" uspid="24" ordinal="4" offset="8" sl="6" path="4" offsetend="187" fileid="2" />
              </BranchPoints>
              <MethodPoint xsi:type="SequencePoint" vc="0" uspid="40" ordinal="0" offset="0" sl="6" sc="6" el="6" ec="9" bec="5" bev="0" fileid="2" />
            </Method>
            <Method visited="false" cyclomaticComplexity="6" nPathComplexity="7" sequenceCoverage="0" branchCoverage="0" isConstructor="false" isStatic="true" isGetter="false" isSetter="false" crapScore="42">
              <Summary numSequencePoints="1" visitedSequencePoints="0" numBranchPoints="8" visitedBranchPoints="0" sequenceCoverage="0" branchCoverage="0" maxCyclomaticComplexity="6" minCyclomaticComplexity="6" visitedClasses="0" numClasses="0" visitedMethods="0" numMethods="1" minCrapScore="42" maxCrapScore="42" />
              <MetadataToken>100663623</MetadataToken>
              <Name>System.Boolean &lt;StartupCode$Nichelson&gt;.$ContractParameters::Equals$cont@6(Nichelson.Contract.Arg,Nichelson.Contract.Arg,System.Collections.IEqualityComparer,Microsoft.FSharp.Core.Unit)</Name>
              <FileRef uid="2" />
              <SequencePoints>
                <SequencePoint vc="0" uspid="41" ordinal="0" offset="0" sl="6" sc="6" el="6" ec="9" bec="7" bev="0" fileid="2" />
              </SequencePoints>
              <BranchPoints>
                <BranchPoint vc="0" uspid="25" ordinal="0" offset="16" sl="6" path="0" offsetend="21" fileid="2" />
                <BranchPoint vc="0" uspid="26" ordinal="1" offset="16" sl="6" path="1" offsetend="283" fileid="2" />
                <BranchPoint vc="0" uspid="27" ordinal="2" offset="27" sl="6" path="0" offsetend="52" fileid="2" />
                <BranchPoint vc="0" uspid="28" ordinal="3" offset="27" sl="6" path="1" offsetend="95" fileid="2" />
                <BranchPoint vc="0" uspid="29" ordinal="4" offset="27" sl="6" path="2" offsetend="142" fileid="2" />
                <BranchPoint vc="0" uspid="30" ordinal="5" offset="27" sl="6" path="3" offsetend="189" fileid="2" />
                <BranchPoint vc="0" uspid="31" ordinal="6" offset="27" sl="6" path="4" offsetend="236" fileid="2" />
              </BranchPoints>
              <MethodPoint xsi:type="SequencePoint" vc="0" uspid="41" ordinal="0" offset="0" sl="6" sc="6" el="6" ec="9" bec="7" bev="0" fileid="2" />
            </Method>
            <Method visited="false" cyclomaticComplexity="6" nPathComplexity="5" sequenceCoverage="0" branchCoverage="0" isConstructor="false" isStatic="true" isGetter="false" isSetter="false" crapScore="42">
              <Summary numSequencePoints="1" visitedSequencePoints="0" numBranchPoints="6" visitedBranchPoints="0" sequenceCoverage="0" branchCoverage="0" maxCyclomaticComplexity="6" minCyclomaticComplexity="6" visitedClasses="0" numClasses="0" visitedMethods="0" numMethods="1" minCrapScore="42" maxCrapScore="42" />
              <MetadataToken>100663626</MetadataToken>
              <Name>System.Int32 &lt;StartupCode$Nichelson&gt;.$ContractParameters::GetHashCode$cont@17-1(System.Collections.IEqualityComparer,Nichelson.Contract.Value,Microsoft.FSharp.Core.Unit)</Name>
              <FileRef uid="2" />
              <SequencePoints>
                <SequencePoint vc="0" uspid="42" ordinal="0" offset="0" sl="17" sc="5" el="17" ec="10" bec="5" bev="0" fileid="2" />
              </SequencePoints>
              <BranchPoints>
                <BranchPoint vc="0" uspid="32" ordinal="0" offset="8" sl="17" path="0" offsetend="33" fileid="2" />
                <BranchPoint vc="0" uspid="33" ordinal="1" offset="8" sl="17" path="1" offsetend="71" fileid="2" />
                <BranchPoint vc="0" uspid="34" ordinal="2" offset="8" sl="17" path="2" offsetend="118" fileid="2" />
                <BranchPoint vc="0" uspid="35" ordinal="3" offset="8" sl="17" path="3" offsetend="158" fileid="2" />
                <BranchPoint vc="0" uspid="36" ordinal="4" offset="8" sl="17" path="4" offsetend="198" fileid="2" />
              </BranchPoints>
              <MethodPoint xsi:type="SequencePoint" vc="0" uspid="42" ordinal="0" offset="0" sl="17" sc="5" el="17" ec="10" bec="5" bev="0" fileid="2" />
            </Method>
            <Method visited="false" cyclomaticComplexity="7" nPathComplexity="9" sequenceCoverage="0" branchCoverage="0" isConstructor="false" isStatic="true" isGetter="false" isSetter="false" crapScore="56">
              <Summary numSequencePoints="1" visitedSequencePoints="0" numBranchPoints="10" visitedBranchPoints="0" sequenceCoverage="0" branchCoverage="0" maxCyclomaticComplexity="7" minCyclomaticComplexity="7" visitedClasses="0" numClasses="0" visitedMethods="0" numMethods="1" minCrapScore="56" maxCrapScore="56" />
              <MetadataToken>100663627</MetadataToken>
              <Name>System.Boolean &lt;StartupCode$Nichelson&gt;.$ContractParameters::Equals$cont@17-1(Nichelson.Contract.Value,System.Object,System.Collections.IEqualityComparer,Microsoft.FSharp.Core.Unit)</Name>
              <FileRef uid="2" />
              <SequencePoints>
                <SequencePoint vc="0" uspid="43" ordinal="0" offset="0" sl="17" sc="5" el="17" ec="10" bec="9" bev="0" fileid="2" />
              </SequencePoints>
              <BranchPoints>
                <BranchPoint vc="0" uspid="37" ordinal="0" offset="8" sl="17" path="0" offsetend="13" fileid="2" />
                <BranchPoint vc="0" uspid="38" ordinal="1" offset="8" sl="17" path="1" offsetend="271" fileid="2" />
                <BranchPoint vc="0" uspid="39" ordinal="2" offset="29" sl="17" path="0" offsetend="34" fileid="2" />
                <BranchPoint vc="0" uspid="40" ordinal="3" offset="29" sl="17" path="1" offsetend="269" fileid="2" />
                <BranchPoint vc="0" uspid="41" ordinal="4" offset="40" sl="17" path="0" offsetend="65" fileid="2" />
                <BranchPoint vc="0" uspid="42" ordinal="5" offset="40" sl="17" path="1" offsetend="102" fileid="2" />
                <BranchPoint vc="0" uspid="43" ordinal="6" offset="40" sl="17" path="2" offsetend="138" fileid="2" />
                <BranchPoint vc="0" uspid="44" ordinal="7" offset="40" sl="17" path="3" offsetend="177" fileid="2" />
                <BranchPoint vc="0" uspid="45" ordinal="8" offset="40" sl="17" path="4" offsetend="224" fileid="2" />
              </BranchPoints>
              <MethodPoint xsi:type="SequencePoint" vc="0" uspid="43" ordinal="0" offset="0" sl="17" sc="5" el="17" ec="10" bec="9" bev="0" fileid="2" />
            </Method>
            <Method visited="true" cyclomaticComplexity="4" nPathComplexity="4" sequenceCoverage="100" branchCoverage="100" isConstructor="false" isStatic="true" isGetter="false" isSetter="false" crapScore="4">
              <Summary numSequencePoints="7" visitedSequencePoints="7" numBranchPoints="5" visitedBranchPoints="5" sequenceCoverage="100" branchCoverage="100" maxCyclomaticComplexity="4" minCyclomaticComplexity="4" visitedClasses="0" numClasses="0" visitedMethods="1" numMethods="1" minCrapScore="4" maxCrapScore="4" />
              <MetadataToken>100663628</MetadataToken>
              <Name>&lt;&gt;f__AnonymousType1324870559`2&lt;Microsoft.FSharp.Collections.FSharpMap`2&lt;System.String,Nichelson.Contract.EntryPoint&gt;,Microsoft.FSharp.Collections.FSharpList`1&lt;Nichelson.Prim&gt;&gt; &lt;StartupCode$Nichelson&gt;.$ContractParameters::lookup@90(&lt;&gt;f__AnonymousType1324870559`2&lt;Microsoft.FSharp.Collections.FSharpMap`2&lt;System.String,Nichelson.Contract.EntryPoint&gt;,Microsoft.FSharp.Collections.FSharpList`1&lt;Nichelson.Prim&gt;&gt;,Nichelson.Expr)</Name>
              <FileRef uid="2" />
              <SequencePoints>
                <SequencePoint vc="4" uspid="50" ordinal="0" offset="72" sl="97" sc="17" el="98" ec="92" bec="0" bev="0" fileid="2" />
                <SequencePoint vc="4" uspid="49" ordinal="1" offset="104" sl="100" sc="17" el="104" ec="29" bec="0" bev="0" fileid="2" />
                <SequencePoint vc="4" uspid="48" ordinal="2" offset="136" sl="106" sc="17" el="106" ec="23" bec="2" bev="2" fileid="2" />
                <SequencePoint vc="10" uspid="47" ordinal="3" offset="223" sl="111" sc="17" el="112" ec="69" bec="0" bev="0" fileid="2" />
                <SequencePoint vc="10" uspid="46" ordinal="4" offset="263" sl="114" sc="17" el="114" ec="23" bec="2" bev="2" fileid="2" />
                <SequencePoint vc="22" uspid="45" ordinal="5" offset="339" sl="122" sc="17" el="123" ec="55" bec="0" bev="0" fileid="2" />
                <SequencePoint vc="16" uspid="44" ordinal="6" offset="381" sl="124" sc="20" el="124" ec="21" bec="0" bev="0" fileid="2" />
              </SequencePoints>
              <BranchPoints>
                <BranchPoint vc="10" uspid="48" ordinal="0" offset="184" sl="106" path="0" offsetend="186" fileid="2" />
                <BranchPoint vc="38" uspid="49" ordinal="1" offset="184" sl="106" path="1" offsetend="301" fileid="2" />
                <BranchPoint vc="22" uspid="50" ordinal="2" offset="311" sl="114" path="0" offsetend="313" fileid="2" />
                <BranchPoint vc="16" uspid="51" ordinal="3" offset="311" sl="114" path="1" offsetend="381" fileid="2" />
              </BranchPoints>
              <MethodPoint xsi:type="SequencePoint" vc="4" uspid="50" ordinal="0" offset="72" sl="97" sc="17" el="98" ec="92" bec="0" bev="0" fileid="2" />
            </Method>
            <Method visited="true" cyclomaticComplexity="4" nPathComplexity="2" sequenceCoverage="80" branchCoverage="100" isConstructor="false" isStatic="true" isGetter="false" isSetter="false" crapScore="4.13">
              <Summary numSequencePoints="5" visitedSequencePoints="4" numBranchPoints="3" visitedBranchPoints="3" sequenceCoverage="80" branchCoverage="100" maxCyclomaticComplexity="4" minCyclomaticComplexity="4" visitedClasses="0" numClasses="0" visitedMethods="1" numMethods="1" minCrapScore="4.13" maxCrapScore="4.13" />
              <MetadataToken>100663629</MetadataToken>
              <Name>System.Tuple`2&lt;Nichelson.Expr,Nichelson.Contract.Arg&gt; &lt;StartupCode$Nichelson&gt;.$ContractParameters::loop@202-4(Nichelson.Expr,Nichelson.Contract.Arg)</Name>
              <FileRef uid="2" />
              <SequencePoints>
                <SequencePoint vc="29" uspid="55" ordinal="0" offset="65" sl="205" sc="17" el="205" ec="49" bec="0" bev="0" fileid="2" />
                <SequencePoint vc="25" uspid="54" ordinal="1" offset="75" sl="206" sc="17" el="206" ec="53" bec="0" bev="0" fileid="2" />
                <SequencePoint vc="25" uspid="53" ordinal="2" offset="87" sl="207" sc="18" el="207" ec="25" bec="2" bev="2" fileid="2" />
                <SequencePoint vc="47" uspid="52" ordinal="3" offset="127" sl="208" sc="37" el="208" ec="44" bec="0" bev="0" fileid="2" />
                <SequencePoint vc="0" uspid="51" ordinal="4" offset="137" sl="210" sc="20" el="210" ec="101" bec="0" bev="0" fileid="2" />
              </SequencePoints>
              <BranchPoints>
                <BranchPoint vc="62" uspid="54" ordinal="0" offset="111" sl="207" path="0" offsetend="113" fileid="2" />
                <BranchPoint vc="33" uspid="55" ordinal="1" offset="111" sl="207" path="1" offsetend="137" fileid="2" />
              </BranchPoints>
              <MethodPoint xsi:type="SequencePoint" vc="29" uspid="55" ordinal="0" offset="65" sl="205" sc="17" el="205" ec="49" bec="0" bev="0" fileid="2" />
            </Method>
            <Method visited="true" cyclomaticComplexity="4" nPathComplexity="6" sequenceCoverage="100" branchCoverage="85.71" isConstructor="false" isStatic="true" isGetter="false" isSetter="false" crapScore="4">
              <Summary numSequencePoints="4" visitedSequencePoints="4" numBranchPoints="7" visitedBranchPoints="6" sequenceCoverage="100" branchCoverage="85.71" maxCyclomaticComplexity="4" minCyclomaticComplexity="4" visitedClasses="0" numClasses="0" visitedMethods="1" numMethods="1" minCrapScore="4" maxCrapScore="4" />
              <MetadataToken>100663630</MetadataToken>
              <Name>System.Tuple`2&lt;Nichelson.Expr,Nichelson.Contract.Arg&gt; &lt;StartupCode$Nichelson&gt;.$ContractParameters::consume@195(Microsoft.FSharp.Core.FSharpFunc`2&lt;Nichelson.Expr,Microsoft.FSharp.Core.FSharpFunc`2&lt;Nichelson.Contract.Arg,System.Tuple`2&lt;Nichelson.Expr,Nichelson.Contract.Arg&gt;&gt;&gt;,Nichelson.PrimExpression,Nichelson.Contract.Arg)</Name>
              <FileRef uid="2" />
              <SequencePoints>
                <SequencePoint vc="72" uspid="59" ordinal="0" offset="0" sl="196" sc="19" el="196" ec="36" bec="6" bev="5" fileid="2" />
                <SequencePoint vc="15" uspid="58" ordinal="1" offset="69" sl="198" sc="17" el="198" ec="60" bec="0" bev="0" fileid="2" />
                <SequencePoint vc="15" uspid="57" ordinal="2" offset="80" sl="199" sc="18" el="199" ec="31" bec="0" bev="0" fileid="2" />
                <SequencePoint vc="57" uspid="56" ordinal="3" offset="100" sl="200" sc="23" el="200" ec="38" bec="0" bev="0" fileid="2" />
              </SequencePoints>
              <BranchPoints>
                <BranchPoint vc="48" uspid="52" ordinal="0" offset="15" sl="196" path="0" offsetend="17" fileid="2" />
                <BranchPoint vc="24" uspid="53" ordinal="1" offset="15" sl="196" path="1" offsetend="100" fileid="2" />
                <BranchPoint vc="62" uspid="54" ordinal="2" offset="24" sl="196" path="0" offsetend="26" fileid="2" />
                <BranchPoint vc="33" uspid="55" ordinal="3" offset="24" sl="196" path="1" offsetend="100" fileid="2" />
                <BranchPoint vc="15" uspid="56" ordinal="4" offset="44" sl="196" path="0" offsetend="46" fileid="2" />
                <BranchPoint vc="0" uspid="57" ordinal="5" offset="44" sl="196" path="1" offsetend="100" fileid="2" />
              </BranchPoints>
              <MethodPoint xsi:type="SequencePoint" vc="72" uspid="59" ordinal="0" offset="0" sl="196" sc="19" el="196" ec="36" bec="6" bev="0" fileid="2" />
            </Method>
            <Method visited="true" cyclomaticComplexity="34" nPathComplexity="768000" sequenceCoverage="85.71" branchCoverage="58.7" isConstructor="false" isStatic="true" isGetter="false" isSetter="false" crapScore="37.37">
              <Summary numSequencePoints="21" visitedSequencePoints="18" numBranchPoints="46" visitedBranchPoints="27" sequenceCoverage="85.71" branchCoverage="58.7" maxCyclomaticComplexity="34" minCyclomaticComplexity="34" visitedClasses="0" numClasses="0" visitedMethods="1" numMethods="1" minCrapScore="37.37" maxCrapScore="37.37" />
              <MetadataToken>100663631</MetadataToken>
              <Name>System.Tuple`2&lt;Nichelson.Expr,Nichelson.Contract.Arg&gt; &lt;StartupCode$Nichelson&gt;.$ContractParameters::instantiatePrim@141(Microsoft.FSharp.Core.FSharpFunc`2&lt;Nichelson.Expr,Microsoft.FSharp.Core.FSharpFunc`2&lt;Nichelson.Contract.Arg,System.Tuple`2&lt;Nichelson.Expr,Nichelson.Contract.Arg&gt;&gt;&gt;,Nichelson.PrimExpression,Nichelson.Contract.Arg)</Name>
              <FileRef uid="2" />
              <SequencePoints>
                <SequencePoint vc="0" uspid="80" ordinal="0" offset="64" sl="193" sc="23" el="193" ec="117" bec="2" bev="1" fileid="2" />
                <SequencePoint vc="22" uspid="79" ordinal="1" offset="142" sl="144" sc="17" el="148" ec="50" bec="0" bev="0" fileid="2" />
                <SequencePoint vc="22" uspid="78" ordinal="2" offset="190" sl="150" sc="17" el="150" ec="52" bec="0" bev="0" fileid="2" />
                <SequencePoint vc="22" uspid="77" ordinal="3" offset="204" sl="151" sc="18" el="151" ec="73" bec="4" bev="2" fileid="2" />
                <SequencePoint vc="2" uspid="76" ordinal="4" offset="294" sl="155" sc="17" el="160" ec="34" bec="0" bev="0" fileid="2" />
                <SequencePoint vc="2" uspid="75" ordinal="5" offset="315" sl="162" sc="18" el="162" ec="33" bec="12" bev="8" fileid="2" />
                <SequencePoint vc="1" uspid="74" ordinal="6" offset="490" sl="171" sc="17" el="171" ec="44" bec="0" bev="0" fileid="2" />
                <SequencePoint vc="1" uspid="73" ordinal="7" offset="511" sl="172" sc="18" el="172" ec="69" bec="0" bev="0" fileid="2" />
                <SequencePoint vc="1" uspid="72" ordinal="8" offset="573" sl="166" sc="17" el="166" ec="43" bec="0" bev="0" fileid="2" />
                <SequencePoint vc="1" uspid="71" ordinal="9" offset="594" sl="167" sc="18" el="167" ec="68" bec="0" bev="0" fileid="2" />
                <SequencePoint vc="5" uspid="70" ordinal="10" offset="642" sl="176" sc="17" el="176" ec="69" bec="0" bev="0" fileid="2" />
                <SequencePoint vc="5" uspid="69" ordinal="11" offset="655" sl="177" sc="18" el="177" ec="22" bec="4" bev="2" fileid="2" />
                <SequencePoint vc="13" uspid="68" ordinal="12" offset="725" sl="178" sc="57" el="178" ec="75" bec="5" bev="3" fileid="2" />
                <SequencePoint vc="1" uspid="67" ordinal="13" offset="819" sl="179" sc="55" el="179" ec="72" bec="0" bev="0" fileid="2" />
                <SequencePoint vc="1" uspid="66" ordinal="14" offset="851" sl="180" sc="56" el="180" ec="93" bec="4" bev="2" fileid="2" />
                <SequencePoint vc="16" uspid="65" ordinal="15" offset="926" sl="181" sc="51" el="181" ec="66" bec="5" bev="3" fileid="2" />
                <SequencePoint vc="6" uspid="64" ordinal="16" offset="1020" sl="183" sc="18" el="187" ec="19" bec="0" bev="0" fileid="2" />
                <SequencePoint vc="0" uspid="63" ordinal="17" offset="1062" sl="188" sc="62" el="188" ec="107" bec="5" bev="3" fileid="2" />
                <SequencePoint vc="2" uspid="62" ordinal="18" offset="1161" sl="190" sc="18" el="190" ec="81" bec="0" bev="0" fileid="2" />
                <SequencePoint vc="0" uspid="61" ordinal="19" offset="1203" sl="191" sc="63" el="191" ec="102" bec="4" bev="2" fileid="2" />
                <SequencePoint vc="2" uspid="60" ordinal="20" offset="1278" sl="192" sc="58" el="192" ec="92" bec="0" bev="0" fileid="2" />
              </SequencePoints>
              <BranchPoints>
                <BranchPoint vc="22" uspid="68" ordinal="0" offset="123" sl="193" path="0" offsetend="125" fileid="2" />
                <BranchPoint vc="0" uspid="69" ordinal="1" offset="123" sl="193" path="1" offsetend="64" fileid="2" />
                <BranchPoint vc="2" uspid="70" ordinal="2" offset="252" sl="151" path="0" offsetend="257" fileid="2" />
                <BranchPoint vc="0" uspid="71" ordinal="3" offset="252" sl="151" path="1" offsetend="64" fileid="2" />
                <BranchPoint vc="2" uspid="72" ordinal="4" offset="264" sl="151" path="0" offsetend="269" fileid="2" />
                <BranchPoint vc="0" uspid="73" ordinal="5" offset="264" sl="151" path="1" offsetend="64" fileid="2" />
                <BranchPoint vc="7" uspid="74" ordinal="6" offset="340" sl="162" path="0" offsetend="345" fileid="2" />
                <BranchPoint vc="0" uspid="75" ordinal="7" offset="340" sl="162" path="1" offsetend="64" fileid="2" />
                <BranchPoint vc="7" uspid="76" ordinal="8" offset="370" sl="162" path="0" offsetend="375" fileid="2" />
                <BranchPoint vc="0" uspid="77" ordinal="9" offset="370" sl="162" path="1" offsetend="64" fileid="2" />
                <BranchPoint vc="7" uspid="78" ordinal="10" offset="394" sl="162" path="0" offsetend="399" fileid="2" />
                <BranchPoint vc="0" uspid="79" ordinal="11" offset="394" sl="162" path="1" offsetend="64" fileid="2" />
                <BranchPoint vc="7" uspid="80" ordinal="12" offset="419" sl="162" path="0" offsetend="424" fileid="2" />
                <BranchPoint vc="0" uspid="81" ordinal="13" offset="419" sl="162" path="1" offsetend="64" fileid="2" />
                <BranchPoint vc="2" uspid="82" ordinal="14" offset="431" sl="162" path="0" offsetend="436" fileid="2" />
                <BranchPoint vc="5" uspid="83" ordinal="15" offset="431" sl="162" path="1" offsetend="625" fileid="2" />
                <BranchPoint vc="1" uspid="84" ordinal="16" offset="456" sl="162" path="0" offsetend="458" fileid="2" />
                <BranchPoint vc="1" uspid="85" ordinal="17" offset="456" sl="162" path="1" offsetend="542" fileid="2" />
                <BranchPoint vc="13" uspid="86" ordinal="18" offset="676" sl="177" path="0" offsetend="681" fileid="2" />
                <BranchPoint vc="0" uspid="87" ordinal="19" offset="676" sl="177" path="1" offsetend="64" fileid="2" />
                <BranchPoint vc="13" uspid="88" ordinal="20" offset="702" sl="177" path="0" offsetend="707" fileid="2" />
                <BranchPoint vc="0" uspid="89" ordinal="21" offset="702" sl="177" path="1" offsetend="64" fileid="2" />
                <BranchPoint vc="2" uspid="90" ordinal="22" offset="745" sl="178" path="0" offsetend="750" fileid="2" />
                <BranchPoint vc="0" uspid="91" ordinal="23" offset="745" sl="178" path="1" offsetend="64" fileid="2" />
                <BranchPoint vc="0" uspid="92" ordinal="24" offset="770" sl="178" path="0" offsetchain="795" offsetend="64" fileid="2" />
                <BranchPoint vc="1" uspid="93" ordinal="25" offset="770" sl="178" path="1" offsetend="833" fileid="2" />
                <BranchPoint vc="1" uspid="94" ordinal="26" offset="770" sl="178" path="2" offsetend="800" fileid="2" />
                <BranchPoint vc="16" uspid="95" ordinal="27" offset="876" sl="180" path="0" offsetend="881" fileid="2" />
                <BranchPoint vc="0" uspid="96" ordinal="28" offset="876" sl="180" path="1" offsetend="64" fileid="2" />
                <BranchPoint vc="16" uspid="97" ordinal="29" offset="902" sl="180" path="0" offsetend="907" fileid="2" />
                <BranchPoint vc="0" uspid="98" ordinal="30" offset="902" sl="180" path="1" offsetend="64" fileid="2" />
                <BranchPoint vc="6" uspid="99" ordinal="31" offset="947" sl="181" path="0" offsetend="952" fileid="2" />
                <BranchPoint vc="0" uspid="100" ordinal="32" offset="947" sl="181" path="1" offsetend="64" fileid="2" />
                <BranchPoint vc="0" uspid="101" ordinal="33" offset="972" sl="181" path="0" offsetchain="997" offsetend="64" fileid="2" />
                <BranchPoint vc="6" uspid="102" ordinal="34" offset="972" sl="181" path="1" offsetend="1002" fileid="2" />
                <BranchPoint vc="4" uspid="103" ordinal="35" offset="972" sl="181" path="2" offsetend="1043" fileid="2" />
                <BranchPoint vc="2" uspid="104" ordinal="36" offset="1088" sl="188" path="0" offsetend="1093" fileid="2" />
                <BranchPoint vc="4" uspid="105" ordinal="37" offset="1088" sl="188" path="1" offsetend="64" fileid="2" />
                <BranchPoint vc="0" uspid="106" ordinal="38" offset="1113" sl="188" path="0" offsetchain="1138" offsetend="64" fileid="2" />
                <BranchPoint vc="2" uspid="107" ordinal="39" offset="1113" sl="188" path="1" offsetend="1143" fileid="2" />
                <BranchPoint vc="0" uspid="108" ordinal="40" offset="1113" sl="188" path="2" offsetend="1184" fileid="2" />
                <BranchPoint vc="2" uspid="109" ordinal="41" offset="1229" sl="191" path="0" offsetend="1234" fileid="2" />
                <BranchPoint vc="0" uspid="110" ordinal="42" offset="1229" sl="191" path="1" offsetend="64" fileid="2" />
                <BranchPoint vc="2" uspid="111" ordinal="43" offset="1255" sl="191" path="0" offsetend="1260" fileid="2" />
                <BranchPoint vc="0" uspid="112" ordinal="44" offset="1255" sl="191" path="1" offsetend="64" fileid="2" />
              </BranchPoints>
              <MethodPoint xsi:type="SequencePoint" vc="0" uspid="80" ordinal="0" offset="64" sl="193" sc="23" el="193" ec="117" bec="2" bev="0" fileid="2" />
            </Method>
            <Method visited="true" cyclomaticComplexity="1" nPathComplexity="0" sequenceCoverage="100" branchCoverage="0" isConstructor="false" isStatic="true" isGetter="false" isSetter="false" crapScore="1">
              <Summary numSequencePoints="5" visitedSequencePoints="5" numBranchPoints="1" visitedBranchPoints="0" sequenceCoverage="100" branchCoverage="0" maxCyclomaticComplexity="1" minCyclomaticComplexity="1" visitedClasses="0" numClasses="0" visitedMethods="1" numMethods="1" minCrapScore="1" maxCrapScore="1" />
              <MetadataToken>100663632</MetadataToken>
[...]
            </Method>
          </Methods>
        </Class>
        <Class>
          <Summary numSequencePoints="1" visitedSequencePoints="1" numBranchPoints="1" visitedBranchPoints="0" sequenceCoverage="100" branchCoverage="0" maxCyclomaticComplexity="1" minCyclomaticComplexity="1" visitedClasses="1" numClasses="1" visitedMethods="1" numMethods="1" minCrapScore="1" maxCrapScore="1" />
          <FullName>Nichelson.Encoder/hexToBytes@137-2</FullName>
          <Methods>
            <Method visited="true" cyclomaticComplexity="1" nPathComplexity="0" sequenceCoverage="100" branchCoverage="0" isConstructor="false" isStatic="false" isGetter="false" isSetter="false" crapScore="1">
              <Summary numSequencePoints="1" visitedSequencePoints="1" numBranchPoints="1" visitedBranchPoints="0" sequenceCoverage="100" branchCoverage="0" maxCyclomaticComplexity="1" minCyclomaticComplexity="1" visitedClasses="0" numClasses="0" visitedMethods="1" numMethods="1" minCrapScore="1" maxCrapScore="1" />
              <MetadataToken>100663849</MetadataToken>
              <Name>System.Tuple`2&lt;System.Int32,System.Char[]&gt; Nichelson.Encoder/hexToBytes@137-2::Invoke(System.Int32,System.Char[])</Name>
              <FileRef uid="8" />
              <SequencePoints>
                <SequencePoint vc="431" uspid="327" ordinal="0" offset="0" sl="137" sc="30" el="137" ec="34" bec="0" bev="0" fileid="8" />
              </SequencePoints>
              <BranchPoints />
              <MethodPoint xsi:type="SequencePoint" vc="431" uspid="327" ordinal="0" offset="0" sl="137" sc="30" el="137" ec="34" bec="0" bev="0" fileid="8" />
            </Method>
          </Methods>
        </Class>
        <Class>
          <Summary numSequencePoints="3" visitedSequencePoints="3" numBranchPoints="1" visitedBranchPoints="0" sequenceCoverage="100" branchCoverage="0" maxCyclomaticComplexity="1" minCyclomaticComplexity="1" visitedClasses="1" numClasses="1" visitedMethods="1" numMethods="1" minCrapScore="1" maxCrapScore="1" />
          <FullName>&lt;StartupCode$Nichelson&gt;.$Nichelson.Encoder</FullName>
          <Methods>
            <Method visited="true" cyclomaticComplexity="1" nPathComplexity="0" sequenceCoverage="100" branchCoverage="0" isConstructor="true" isStatic="true" isGetter="false" isSetter="false" crapScore="1">
              <Summary numSequencePoints="3" visitedSequencePoints="3" numBranchPoints="1" visitedBranchPoints="0" sequenceCoverage="100" branchCoverage="0" maxCyclomaticComplexity="1" minCyclomaticComplexity="1" visitedClasses="0" numClasses="0" visitedMethods="1" numMethods="1" minCrapScore="1" maxCrapScore="1" />
              <MetadataToken>100663850</MetadataToken>
              <Name>System.Void &lt;StartupCode$Nichelson&gt;.$Nichelson.Encoder::.cctor()</Name>
              <FileRef uid="8" />
              <SequencePoints>
                <SequencePoint vc="1" uspid="330" ordinal="0" offset="0" sl="10" sc="1" el="14" ec="18" bec="0" bev="0" fileid="8" />
                <SequencePoint vc="1" uspid="329" ordinal="1" offset="63" sl="16" sc="1" el="20" ec="52" bec="0" bev="0" fileid="8" />
                <SequencePoint vc="1" uspid="328" ordinal="2" offset="231" sl="127" sc="1" el="130" ec="16" bec="0" bev="0" fileid="8" />
              </SequencePoints>
              <BranchPoints />
              <MethodPoint xsi:type="SequencePoint" vc="1" uspid="330" ordinal="0" offset="0" sl="10" sc="1" el="14" ec="18" bec="0" bev="0" fileid="8" />
            </Method>
          </Methods>
        </Class>
        <Class>
          <Summary numSequencePoints="22" visitedSequencePoints="12" numBranchPoints="11" visitedBranchPoints="3" sequenceCoverage="54.55" branchCoverage="27.27" maxCyclomaticComplexity="4" minCyclomaticComplexity="1" visitedClasses="1" numClasses="1" visitedMethods="6" numMethods="9" minCrapScore="2" maxCrapScore="12" />
          <FullName>Nichelson.ExprModule</FullName>
          <Methods>
            <Method visited="false" cyclomaticComplexity="3" nPathComplexity="0" sequenceCoverage="0" branchCoverage="0" isConstructor="false" isStatic="true" isGetter="false" isSetter="false" crapScore="12">
              <Summary numSequencePoints="3" visitedSequencePoints="0" numBranchPoints="1" visitedBranchPoints="0" sequenceCoverage="0" branchCoverage="0" maxCyclomaticComplexity="3" minCyclomaticComplexity="3" visitedClasses="0" numClasses="0" visitedMethods="0" numMethods="1" minCrapScore="12" maxCrapScore="12" />
              <MetadataToken>100663851</MetadataToken>
              <Name>a Nichelson.ExprModule::foldNodeOrSeq(Microsoft.FSharp.Core.FSharpFunc`2&lt;a,Microsoft.FSharp.Core.FSharpFunc`2&lt;Nichelson.PrimExpression,a&gt;&gt;,Microsoft.FSharp.Core.FSharpFunc`2&lt;a,Microsoft.FSharp.Core.FSharpFunc`2&lt;Microsoft.FSharp.Collections.FSharpList`1&lt;Nichelson.Expr&gt;,a&gt;&gt;,a,Nichelson.Expr)</Name>
              <FileRef uid="1" />
              <SequencePoints>
                <SequencePoint vc="0" uspid="333" ordinal="0" offset="31" sl="41" sc="16" el="41" ec="21" bec="0" bev="0" fileid="1" />
                <SequencePoint vc="0" uspid="332" ordinal="1" offset="40" sl="39" sc="21" el="39" ec="26" bec="0" bev="0" fileid="1" />
                <SequencePoint vc="0" uspid="331" ordinal="2" offset="63" sl="40" sc="20" el="40" ec="24" bec="0" bev="0" fileid="1" />
              </SequencePoints>
              <BranchPoints />
              <MethodPoint xsi:type="SequencePoint" vc="0" uspid="333" ordinal="0" offset="31" sl="41" sc="16" el="41" ec="21" bec="0" bev="0" fileid="1" />
            </Method>
            <Method visited="false" cyclomaticComplexity="3" nPathComplexity="0" sequenceCoverage="0" branchCoverage="0" isConstructor="false" isStatic="true" isGetter="false" isSetter="false" crapScore="12">
              <Summary numSequencePoints="3" visitedSequencePoints="0" numBranchPoints="1" visitedBranchPoints="0" sequenceCoverage="0" branchCoverage="0" maxCyclomaticComplexity="3" minCyclomaticComplexity="3" visitedClasses="0" numClasses="0" visitedMethods="0" numMethods="1" minCrapScore="12" maxCrapScore="12" />
              <MetadataToken>100663852</MetadataToken>
              <Name>a Nichelson.ExprModule::folder@44(Microsoft.FSharp.Core.FSharpFunc`2&lt;a,Microsoft.FSharp.Core.FSharpFunc`2&lt;Nichelson.Expr,a&gt;&gt;,a,a,Nichelson.Expr)</Name>
              <FileRef uid="1" />
              <SequencePoints>
                <SequencePoint vc="0" uspid="336" ordinal="0" offset="39" sl="52" sc="20" el="52" ec="21" bec="0" bev="0" fileid="1" />
                <SequencePoint vc="0" uspid="335" ordinal="1" offset="64" sl="48" sc="17" el="48" ec="23" bec="0" bev="0" fileid="1" />
                <SequencePoint vc="0" uspid="334" ordinal="2" offset="105" sl="51" sc="22" el="51" ec="31" bec="0" bev="0" fileid="1" />
              </SequencePoints>
              <BranchPoints />
              <MethodPoint xsi:type="SequencePoint" vc="0" uspid="336" ordinal="0" offset="39" sl="52" sc="20" el="52" ec="21" bec="0" bev="0" fileid="1" />
            </Method>
            <Method visited="false" cyclomaticComplexity="1" nPathComplexity="0" sequenceCoverage="0" branchCoverage="0" isConstructor="false" isStatic="true" isGetter="false" isSetter="false" crapScore="2">
              <Summary numSequencePoints="2" visitedSequencePoints="0" numBranchPoints="1" visitedBranchPoints="0" sequenceCoverage="0" branchCoverage="0" maxCyclomaticComplexity="1" minCyclomaticComplexity="1" visitedClasses="0" numClasses="0" visitedMethods="0" numMethods="1" minCrapScore="2" maxCrapScore="2" />
              <MetadataToken>100663853</MetadataToken>
              <Name>a Nichelson.ExprModule::fold(Microsoft.FSharp.Core.FSharpFunc`2&lt;a,Microsoft.FSharp.Core.FSharpFunc`2&lt;Nichelson.Expr,a&gt;&gt;,a,Nichelson.Expr)</Name>
              <FileRef uid="1" />
              <SequencePoints>
                <SequencePoint vc="0" uspid="338" ordinal="0" offset="0" sl="54" sc="9" el="54" ec="15" bec="0" bev="0" fileid="1" />
                <SequencePoint vc="0" uspid="337" ordinal="1" offset="4" sl="54" sc="9" el="54" ec="15" bec="0" bev="0" fileid="1" />
              </SequencePoints>
              <BranchPoints />
              <MethodPoint xsi:type="SequencePoint" vc="0" uspid="338" ordinal="0" offset="0" sl="54" sc="9" el="54" ec="15" bec="0" bev="0" fileid="1" />
            </Method>
            <Method visited="true" cyclomaticComplexity="5" nPathComplexity="0" sequenceCoverage="0" branchCoverage="0" isConstructor="false" isStatic="true" isGetter="false" isSetter="false" crapScore="5">
              <Summary numSequencePoints="0" visitedSequencePoints="0" numBranchPoints="0" visitedBranchPoints="0" sequenceCoverage="0" branchCoverage="0" maxCyclomaticComplexity="5" minCyclomaticComplexity="5" visitedClasses="0" numClasses="0" visitedMethods="0" numMethods="0" minCrapScore="5" maxCrapScore="5" />
              <MetadataToken>100663854</MetadataToken>
              <Name>System.Tuple`2&lt;Nichelson.Expr,Nichelson.Expr&gt; Nichelson.ExprModule::orArgs(Nichelson.Expr)</Name>
              <SequencePoints />
              <BranchPoints />
              <MethodPoint vc="14" uspid="100663854" ordinal="0" offset="0" />
            </Method>
            <Method visited="true" cyclomaticComplexity="4" nPathComplexity="0" sequenceCoverage="100" branchCoverage="0" isConstructor="false" isStatic="true" isGetter="false" isSetter="false" crapScore="4">
              <Summary numSequencePoints="2" visitedSequencePoints="2" numBranchPoints="1" visitedBranchPoints="0" sequenceCoverage="100" branchCoverage="0" maxCyclomaticComplexity="4" minCyclomaticComplexity="4" visitedClasses="0" numClasses="0" visitedMethods="1" numMethods="1" minCrapScore="4" maxCrapScore="4" />
              <MetadataToken>100663855</MetadataToken>
              <Name>Microsoft.FSharp.Core.FSharpOption`1&lt;System.Tuple`3&lt;Nichelson.PrimExpression,System.String,System.Tuple`2&lt;Nichelson.Expr,Nichelson.Expr&gt;&gt;&gt; Nichelson.ExprModule::|NamedOr|_|(Nichelson.Expr)</Name>
              <FileRef uid="1" />
              <SequencePoints>
                <SequencePoint vc="4" uspid="340" ordinal="0" offset="79" sl="60" sc="67" el="60" ec="98" bec="0" bev="0" fileid="1" />
                <SequencePoint vc="48" uspid="339" ordinal="1" offset="103" sl="61" sc="16" el="61" ec="20" bec="0" bev="0" fileid="1" />
              </SequencePoints>
              <BranchPoints />
              <MethodPoint xsi:type="SequencePoint" vc="4" uspid="340" ordinal="0" offset="79" sl="60" sc="67" el="60" ec="98" bec="0" bev="0" fileid="1" />
            </Method>
            <Method visited="true" cyclomaticComplexity="3" nPathComplexity="0" sequenceCoverage="100" branchCoverage="0" isConstructor="false" isStatic="true" isGetter="false" isSetter="false" crapScore="3">
              <Summary numSequencePoints="2" visitedSequencePoints="2" numBranchPoints="1" visitedBranchPoints="0" sequenceCoverage="100" branchCoverage="0" maxCyclomaticComplexity="3" minCyclomaticComplexity="3" visitedClasses="0" numClasses="0" visitedMethods="1" numMethods="1" minCrapScore="3" maxCrapScore="3" />
              <MetadataToken>100663856</MetadataToken>
              <Name>Microsoft.FSharp.Core.FSharpOption`1&lt;System.Tuple`2&lt;Nichelson.PrimExpression,System.Tuple`2&lt;Nichelson.Expr,Nichelson.Expr&gt;&gt;&gt; Nichelson.ExprModule::|Or|_|(Nichelson.Expr)</Name>
              <FileRef uid="1" />
              <SequencePoints>
                <SequencePoint vc="10" uspid="342" ordinal="0" offset="42" sl="65" sc="42" el="65" ec="67" bec="0" bev="0" fileid="1" />
                <SequencePoint vc="38" uspid="341" ordinal="1" offset="65" sl="66" sc="16" el="66" ec="20" bec="0" bev="0" fileid="1" />
              </SequencePoints>
              <BranchPoints />
              <MethodPoint xsi:type="SequencePoint" vc="10" uspid="342" ordinal="0" offset="42" sl="65" sc="42" el="65" ec="67" bec="0" bev="0" fileid="1" />
            </Method>
            <Method visited="true" cyclomaticComplexity="3" nPathComplexity="0" sequenceCoverage="100" branchCoverage="0" isConstructor="false" isStatic="true" isGetter="false" isSetter="false" crapScore="3">
              <Summary numSequencePoints="2" visitedSequencePoints="2" numBranchPoints="1" visitedBranchPoints="0" sequenceCoverage="100" branchCoverage="0" maxCyclomaticComplexity="3" minCyclomaticComplexity="3" visitedClasses="0" numClasses="0" visitedMethods="1" numMethods="1" minCrapScore="3" maxCrapScore="3" />
              <MetadataToken>100663857</MetadataToken>
              <Name>Microsoft.FSharp.Core.FSharpOption`1&lt;System.Tuple`3&lt;Nichelson.PrimExpression,System.String,Nichelson.Expr&gt;&gt; Nichelson.ExprModule::|NamedNode|_|(Nichelson.Expr)</Name>
              <FileRef uid="1" />
              <SequencePoints>
                <SequencePoint vc="59" uspid="344" ordinal="0" offset="73" sl="70" sc="68" el="70" ec="88" bec="0" bev="0" fileid="1" />
                <SequencePoint vc="55" uspid="343" ordinal="1" offset="88" sl="71" sc="16" el="71" ec="20" bec="0" bev="0" fileid="1" />
              </SequencePoints>
              <BranchPoints />
              <MethodPoint xsi:type="SequencePoint" vc="59" uspid="344" ordinal="0" offset="73" sl="70" sc="68" el="70" ec="88" bec="0" bev="0" fileid="1" />
            </Method>
            <Method visited="true" cyclomaticComplexity="2" nPathComplexity="0" sequenceCoverage="50" branchCoverage="0" isConstructor="false" isStatic="true" isGetter="false" isSetter="false" crapScore="2.5">
              <Summary numSequencePoints="2" visitedSequencePoints="1" numBranchPoints="1" visitedBranchPoints="0" sequenceCoverage="50" branchCoverage="0" maxCyclomaticComplexity="2" minCyclomaticComplexity="2" visitedClasses="0" numClasses="0" visitedMethods="1" numMethods="1" minCrapScore="2.5" maxCrapScore="2.5" />
              <MetadataToken>100663858</MetadataToken>
              <Name>Microsoft.FSharp.Core.FSharpOption`1&lt;System.Tuple`2&lt;Nichelson.PrimExpression,Nichelson.Expr&gt;&gt; Nichelson.ExprModule::|ANode|_|(Nichelson.Expr)</Name>
              <FileRef uid="1" />
              <SequencePoints>
                <SequencePoint vc="47" uspid="346" ordinal="0" offset="35" sl="75" sc="42" el="75" ec="56" bec="0" bev="0" fileid="1" />
                <SequencePoint vc="0" uspid="345" ordinal="1" offset="48" sl="76" sc="16" el="76" ec="20" bec="0" bev="0" fileid="1" />
              </SequencePoints>
              <BranchPoints />
              <MethodPoint xsi:type="SequencePoint" vc="47" uspid="346" ordinal="0" offset="35" sl="75" sc="42" el="75" ec="56" bec="0" bev="0" fileid="1" />
            </Method>
            <Method visited="true" cyclomaticComplexity="3" nPathComplexity="2" sequenceCoverage="75" branchCoverage="100" isConstructor="false" isStatic="true" isGetter="false" isSetter="false" crapScore="3.14">
              <Summary numSequencePoints="4" visitedSequencePoints="3" numBranchPoints="3" visitedBranchPoints="3" sequenceCoverage="75" branchCoverage="100" maxCyclomaticComplexity="3" minCyclomaticComplexity="3" visitedClasses="0" numClasses="0" visitedMethods="1" numMethods="1" minCrapScore="3.14" maxCrapScore="3.14" />
              <MetadataToken>100663859</MetadataToken>
              <Name>Microsoft.FSharp.Core.FSharpOption`1&lt;Nichelson.PrimExpression&gt; Nichelson.ExprModule::|Primitive|_|(Nichelson.Expr)</Name>
              <FileRef uid="1" />
              <SequencePoints>
                <SequencePoint vc="72" uspid="350" ordinal="0" offset="23" sl="81" sc="13" el="81" ec="30" bec="2" bev="2" fileid="1" />
                <SequencePoint vc="24" uspid="349" ordinal="1" offset="87" sl="89" sc="20" el="89" ec="24" bec="0" bev="0" fileid="1" />
                <SequencePoint vc="48" uspid="348" ordinal="2" offset="89" sl="88" sc="30" el="88" ec="37" bec="0" bev="0" fileid="1" />
                <SequencePoint vc="0" uspid="347" ordinal="3" offset="96" sl="90" sc="16" el="90" ec="20" bec="0" bev="0" fileid="1" />
              </SequencePoints>
              <BranchPoints>
                <BranchPoint vc="24" uspid="203" ordinal="0" offset="34" sl="81" path="0" offsetend="87" fileid="1" />
                <BranchPoint vc="48" uspid="204" ordinal="1" offset="34" sl="81" path="1" offsetend="89" fileid="1" />
              </BranchPoints>
              <MethodPoint xsi:type="SequencePoint" vc="72" uspid="350" ordinal="0" offset="23" sl="81" sc="13" el="81" ec="30" bec="2" bev="0" fileid="1" />
            </Method>
            <Method visited="true" cyclomaticComplexity="2" nPathComplexity="0" sequenceCoverage="100" branchCoverage="0" isConstructor="false" isStatic="true" isGetter="false" isSetter="false" crapScore="2">
              <Summary numSequencePoints="2" visitedSequencePoints="2" numBranchPoints="1" visitedBranchPoints="0" sequenceCoverage="100" branchCoverage="0" maxCyclomaticComplexity="2" minCyclomaticComplexity="2" visitedClasses="0" numClasses="0" visitedMethods="1" numMethods="1" minCrapScore="2" maxCrapScore="2" />
              <MetadataToken>100663860</MetadataToken>
              <Name>Microsoft.FSharp.Core.FSharpOption`1&lt;System.Numerics.BigInteger&gt; Nichelson.ExprModule::|IntLiteral|_|(Nichelson.Expr)</Name>
              <FileRef uid="1" />
              <SequencePoints>
                <SequencePoint vc="16" uspid="352" ordinal="0" offset="16" sl="94" sc="27" el="94" ec="33" bec="0" bev="0" fileid="1" />
                <SequencePoint vc="7" uspid="351" ordinal="1" offset="28" sl="95" sc="16" el="95" ec="20" bec="0" bev="0" fileid="1" />
              </SequencePoints>
              <BranchPoints />
              <MethodPoint xsi:type="SequencePoint" vc="16" uspid="352" ordinal="0" offset="16" sl="94" sc="27" el="94" ec="33" bec="0" bev="0" fileid="1" />
            </Method>
          </Methods>
        </Class>
        <Class>
          <Summary numSequencePoints="1" visitedSequencePoints="0" numBranchPoints="1" visitedBranchPoints="0" sequenceCoverage="0" branchCoverage="0" maxCyclomaticComplexity="1" minCyclomaticComplexity="1" visitedClasses="0" numClasses="1" visitedMethods="0" numMethods="1" minCrapScore="2" maxCrapScore="2" />
          <FullName>Nichelson.ExprModule/folder@44-1</FullName>
          <Methods>
            <Method visited="false" cyclomaticComplexity="1" nPathComplexity="0" sequenceCoverage="0" branchCoverage="0" isConstructor="false" isStatic="false" isGetter="false" isSetter="false" crapScore="2">
              <Summary numSequencePoints="1" visitedSequencePoints="0" numBranchPoints="1" visitedBranchPoints="0" sequenceCoverage="0" branchCoverage="0" maxCyclomaticComplexity="1" minCyclomaticComplexity="1" visitedClasses="0" numClasses="0" visitedMethods="0" numMethods="1" minCrapScore="2" maxCrapScore="2" />
              <MetadataToken>100663862</MetadataToken>
              <Name>a Nichelson.ExprModule/folder@44-1::Invoke(a,Nichelson.Expr)</Name>
              <FileRef uid="1" />
              <SequencePoints>
                <SequencePoint vc="0" uspid="353" ordinal="0" offset="0" sl="44" sc="17" el="44" ec="23" bec="0" bev="0" fileid="1" />
              </SequencePoints>
              <BranchPoints />
              <MethodPoint xsi:type="SequencePoint" vc="0" uspid="353" ordinal="0" offset="0" sl="44" sc="17" el="44" ec="23" bec="0" bev="0" fileid="1" />
            </Method>
          </Methods>
        </Class>
      </Classes>
    </Module>
    <Module skippedDueTo="Filter" hash="E7-20-FB-BC-07-3D-E9-B4-39-67-37-F4-84-EF-DA-A9-75-F3-21-79">
      <ModulePath>/Users/jb/workspaces/bender/nichelson/tests/Nichelson.Test/bin/Release/net5.0/Nichelson.Test.dll</ModulePath>
      <ModuleTime>2021-02-09T18:03:34.1224681Z</ModuleTime>
      <ModuleName>Nichelson.Test</ModuleName>
      <Classes />
    </Module>
  </Modules>
</CoverageSession>